********
epoch: 1     time: 54
train_loss: 1.682536217212677
SHAPE: (640, 640)
********
epoch: 2     time: 108
train_loss: 1.5574006042480468
SHAPE: (640, 640)
********
epoch: 3     time: 162
train_loss: 1.507367181301117
SHAPE: (640, 640)
********
epoch: 4     time: 216
train_loss: 1.4534144215583802
SHAPE: (640, 640)
********
epoch: 5     time: 270
train_loss: 1.4132090015411376
SHAPE: (640, 640)
********
epoch: 6     time: 324
train_loss: 1.3585607199668883
SHAPE: (640, 640)
********
epoch: 7     time: 378
train_loss: 1.3523857336044312
SHAPE: (640, 640)
********
epoch: 8     time: 432
train_loss: 1.3239415378570556
SHAPE: (640, 640)
********
epoch: 9     time: 485
train_loss: 1.2974951548576354
SHAPE: (640, 640)
********
epoch: 10     time: 539
train_loss: 1.2884026532173156
SHAPE: (640, 640)
********
epoch: 11     time: 593
train_loss: 1.273219861984253
SHAPE: (640, 640)
********
epoch: 12     time: 647
train_loss: 1.253043499469757
SHAPE: (640, 640)
********
epoch: 13     time: 701
train_loss: 1.245282910346985
SHAPE: (640, 640)
********
epoch: 14     time: 755
train_loss: 1.2182541723251343
SHAPE: (640, 640)
********
epoch: 15     time: 809
train_loss: 1.2093652629852294
SHAPE: (640, 640)
********
epoch: 16     time: 863
train_loss: 1.1906066794395447
SHAPE: (640, 640)
********
epoch: 17     time: 917
train_loss: 1.1920933096408843
SHAPE: (640, 640)
********
epoch: 18     time: 971
train_loss: 1.178958953142166
SHAPE: (640, 640)
********
epoch: 19     time: 1025
train_loss: 1.1890844523906707
SHAPE: (640, 640)
********
epoch: 20     time: 1079
train_loss: 1.1725739653110505
SHAPE: (640, 640)
********
epoch: 21     time: 1133
train_loss: 1.1564086213111877
SHAPE: (640, 640)
********
epoch: 22     time: 1187
train_loss: 1.1497675807476044
SHAPE: (640, 640)
********
epoch: 23     time: 1241
train_loss: 1.1562435505390167
SHAPE: (640, 640)
********
epoch: 24     time: 1295
train_loss: 1.1438746273517608
SHAPE: (640, 640)
********
epoch: 25     time: 1349
train_loss: 1.1438085451126099
SHAPE: (640, 640)
********
epoch: 26     time: 1403
train_loss: 1.1351026933193207
SHAPE: (640, 640)
********
epoch: 27     time: 1457
train_loss: 1.1304049928188324
SHAPE: (640, 640)
********
epoch: 28     time: 1511
train_loss: 1.1301803095340728
SHAPE: (640, 640)
********
epoch: 29     time: 1565
train_loss: 1.1325138516426085
SHAPE: (640, 640)
********
epoch: 30     time: 1619
train_loss: 1.1171985557079316
SHAPE: (640, 640)
********
epoch: 31     time: 1673
train_loss: 1.1143729653358458
SHAPE: (640, 640)
********
epoch: 32     time: 1727
train_loss: 1.1070654094219208
SHAPE: (640, 640)
********
epoch: 33     time: 1781
train_loss: 1.1081835091114045
SHAPE: (640, 640)
********
epoch: 34     time: 1835
train_loss: 1.10537118768692
SHAPE: (640, 640)
********
epoch: 35     time: 1889
train_loss: 1.1000718495845794
SHAPE: (640, 640)
********
epoch: 36     time: 1943
train_loss: 1.0956242418289184
SHAPE: (640, 640)
********
epoch: 37     time: 1997
train_loss: 1.0918464841842652
SHAPE: (640, 640)
********
epoch: 38     time: 2051
train_loss: 1.0958641726970673
SHAPE: (640, 640)
********
epoch: 39     time: 2105
train_loss: 1.088920500278473
SHAPE: (640, 640)
********
epoch: 40     time: 2159
train_loss: 1.082325443983078
SHAPE: (640, 640)
********
epoch: 41     time: 2213
train_loss: 1.0789888343811036
SHAPE: (640, 640)
********
epoch: 42     time: 2267
train_loss: 1.0748600804805755
SHAPE: (640, 640)
********
epoch: 43     time: 2321
train_loss: 1.076501654624939
SHAPE: (640, 640)
********
epoch: 44     time: 2375
train_loss: 1.079156329870224
SHAPE: (640, 640)
********
epoch: 45     time: 2429
train_loss: 1.0641837952136994
SHAPE: (640, 640)
********
epoch: 46     time: 2483
train_loss: 1.0712733161449433
SHAPE: (640, 640)
********
epoch: 47     time: 2537
train_loss: 1.060889006614685
SHAPE: (640, 640)
********
epoch: 48     time: 2591
train_loss: 1.0639264645576476
SHAPE: (640, 640)
********
epoch: 49     time: 2645
train_loss: 1.0697140758037567
SHAPE: (640, 640)
********
epoch: 50     time: 2699
train_loss: 1.0514390454292297
SHAPE: (640, 640)
********
epoch: 51     time: 2753
train_loss: 1.0645671303272248
SHAPE: (640, 640)
********
epoch: 52     time: 2807
train_loss: 1.0517356474399566
SHAPE: (640, 640)
********
epoch: 53     time: 2861
train_loss: 1.0492121226787567
SHAPE: (640, 640)
********
epoch: 54     time: 2915
train_loss: 1.0453251118659974
SHAPE: (640, 640)
********
epoch: 55     time: 2969
train_loss: 1.0417837226390838
SHAPE: (640, 640)
********
epoch: 56     time: 3023
train_loss: 1.0397945806980133
SHAPE: (640, 640)
********
epoch: 57     time: 3077
train_loss: 1.0474202287197114
SHAPE: (640, 640)
********
epoch: 58     time: 3131
train_loss: 1.0392834529876709
SHAPE: (640, 640)
********
epoch: 59     time: 3185
train_loss: 1.046045040845871
SHAPE: (640, 640)
********
epoch: 60     time: 3239
train_loss: 1.03272523021698
SHAPE: (640, 640)
********
epoch: 61     time: 3293
train_loss: 1.0338131608963013
SHAPE: (640, 640)
********
epoch: 62     time: 3347
train_loss: 1.0284168989658355
SHAPE: (640, 640)
********
epoch: 63     time: 3401
train_loss: 1.0218050553798677
SHAPE: (640, 640)
********
epoch: 64     time: 3455
train_loss: 1.0389001495838166
SHAPE: (640, 640)
********
epoch: 65     time: 3509
train_loss: 1.0266051826477052
SHAPE: (640, 640)
********
epoch: 66     time: 3566
train_loss: 1.0290698199272155
SHAPE: (640, 640)
********
epoch: 67     time: 3620
train_loss: 1.0278228425979614
SHAPE: (640, 640)
update learning rate: 0.0001 -> 2e-05
********
epoch: 68     time: 3674
train_loss: 1.0027675132751466
SHAPE: (640, 640)
********
epoch: 69     time: 3728
train_loss: 1.0020616195201875
SHAPE: (640, 640)
********
epoch: 70     time: 3879
train_loss: 0.9949425029754638
SHAPE: (640, 640)
********
epoch: 71     time: 4045
train_loss: 0.9931050052642822
SHAPE: (640, 640)
********
epoch: 72     time: 4211
train_loss: 0.9901525928974152
SHAPE: (640, 640)
********
epoch: 73     time: 4377
train_loss: 0.9934540965557098
SHAPE: (640, 640)
********
epoch: 74     time: 4544
train_loss: 0.98530153632164
SHAPE: (640, 640)
********
epoch: 75     time: 4709
train_loss: 0.9881769526004791
SHAPE: (640, 640)
********
epoch: 76     time: 4876
train_loss: 0.9852774634361267
SHAPE: (640, 640)
********
epoch: 77     time: 5051
train_loss: 0.9841373708248139
SHAPE: (640, 640)
********
epoch: 78     time: 5224
train_loss: 0.9750696411132812
SHAPE: (640, 640)
********
epoch: 79     time: 5397
train_loss: 0.9786180484294892
SHAPE: (640, 640)
********
epoch: 80     time: 5563
train_loss: 0.9851645255088806
SHAPE: (640, 640)
********
epoch: 81     time: 5728
train_loss: 0.982693391084671
SHAPE: (640, 640)
********
epoch: 82     time: 5895
train_loss: 0.9747141587734223
SHAPE: (640, 640)
********
epoch: 83     time: 6062
train_loss: 0.9723682181835175
SHAPE: (640, 640)
********
epoch: 84     time: 6229
train_loss: 0.9692563812732696
SHAPE: (640, 640)
********
epoch: 85     time: 6396
train_loss: 0.966792643070221
SHAPE: (640, 640)
********
epoch: 86     time: 6563
train_loss: 0.9709065639972687
SHAPE: (640, 640)
********
epoch: 87     time: 6689
train_loss: 0.9701967272758484
SHAPE: (640, 640)
********
epoch: 88     time: 6743
train_loss: 0.9710956959724426
SHAPE: (640, 640)
********
epoch: 89     time: 6797
train_loss: 0.966056385755539
SHAPE: (640, 640)
********
epoch: 90     time: 6851
train_loss: 0.9592880454063416
SHAPE: (640, 640)
********
epoch: 91     time: 6904
train_loss: 0.9609139423370361
SHAPE: (640, 640)
********
epoch: 92     time: 6958
train_loss: 0.9620031814575195
SHAPE: (640, 640)
********
epoch: 93     time: 7012
train_loss: 0.968679013967514
SHAPE: (640, 640)
********
epoch: 94     time: 7065
train_loss: 0.9675328679084778
SHAPE: (640, 640)
update learning rate: 2e-05 -> 4.000000000000001e-06
********
epoch: 95     time: 7119
train_loss: 0.9669694414138794
SHAPE: (640, 640)
update learning rate: 4.000000000000001e-06 -> 8.000000000000002e-07
********
epoch: 96     time: 7173
train_loss: 0.9588698229789734
SHAPE: (640, 640)
********
epoch: 97     time: 7227
train_loss: 0.9644368042945862
SHAPE: (640, 640)
********
epoch: 98     time: 7280
train_loss: 0.9585313110351562
SHAPE: (640, 640)
********
epoch: 99     time: 7334
train_loss: 0.9611015138626099
SHAPE: (640, 640)
********
epoch: 100     time: 7388
train_loss: 0.9588848302364349
SHAPE: (640, 640)
********
epoch: 101     time: 7442
train_loss: 0.9642793297767639
SHAPE: (640, 640)
********
epoch: 102     time: 7495
train_loss: 0.9567450795173645
SHAPE: (640, 640)
********
epoch: 103     time: 7549
train_loss: 0.964705736398697
SHAPE: (640, 640)
********
epoch: 104     time: 7603
train_loss: 0.9568819766044616
SHAPE: (640, 640)
********
epoch: 105     time: 7656
train_loss: 0.96468754196167
SHAPE: (640, 640)
********
epoch: 106     time: 7710
train_loss: 0.9608145737648011
SHAPE: (640, 640)
update learning rate: 8.000000000000002e-07 -> 1.6000000000000003e-07
********
epoch: 107     time: 7763
train_loss: 0.9638546388149262
SHAPE: (640, 640)
Finish!
