********
epoch: 1     time: 103
train_loss: 1.089554675936699
SHAPE: (640, 640)
********
epoch: 2     time: 204
train_loss: 0.8294750879406929
SHAPE: (640, 640)
********
epoch: 3     time: 306
train_loss: 0.7776777647733688
SHAPE: (640, 640)
********
epoch: 4     time: 407
train_loss: 0.7585737945437432
SHAPE: (640, 640)
********
epoch: 5     time: 508
train_loss: 0.7479938682317734
SHAPE: (640, 640)
********
epoch: 6     time: 610
train_loss: 0.7388852313756943
SHAPE: (640, 640)
********
epoch: 7     time: 711
train_loss: 0.7282466634511947
SHAPE: (640, 640)
********
epoch: 8     time: 813
train_loss: 0.724874306589365
SHAPE: (640, 640)
********
epoch: 9     time: 914
train_loss: 0.7193687291145324
SHAPE: (640, 640)
********
epoch: 10     time: 1015
train_loss: 0.7159472019970416
SHAPE: (640, 640)
********
epoch: 11     time: 1117
train_loss: 0.7131392268538475
SHAPE: (640, 640)
********
epoch: 12     time: 1218
train_loss: 0.7088243945538998
SHAPE: (640, 640)
********
epoch: 13     time: 1319
train_loss: 0.7012281448841094
SHAPE: (640, 640)
********
epoch: 14     time: 1421
train_loss: 0.6977845877408981
SHAPE: (640, 640)
********
epoch: 15     time: 1522
train_loss: 0.6967253219783306
SHAPE: (640, 640)
********
epoch: 16     time: 1623
train_loss: 0.6908066124022006
SHAPE: (640, 640)
********
epoch: 17     time: 1724
train_loss: 0.6896728973090649
SHAPE: (640, 640)
********
epoch: 18     time: 1825
train_loss: 0.6878705271482468
SHAPE: (640, 640)
********
epoch: 19     time: 1927
train_loss: 0.6832354531288147
SHAPE: (640, 640)
********
epoch: 20     time: 2028
train_loss: 0.68035427069664
SHAPE: (640, 640)
********
epoch: 21     time: 2129
train_loss: 0.6779150923788547
SHAPE: (640, 640)
********
epoch: 22     time: 2230
train_loss: 0.6736331124007702
SHAPE: (640, 640)
********
epoch: 23     time: 2332
train_loss: 0.6769058433175087
SHAPE: (640, 640)
********
epoch: 24     time: 2432
train_loss: 0.6713641158938408
SHAPE: (640, 640)
********
epoch: 25     time: 2534
train_loss: 0.6691758795380592
SHAPE: (640, 640)
********
epoch: 26     time: 2635
train_loss: 0.6695143007636071
SHAPE: (640, 640)
********
epoch: 27     time: 2736
train_loss: 0.6660323987901211
SHAPE: (640, 640)
********
epoch: 28     time: 2837
train_loss: 0.6658722787797451
SHAPE: (640, 640)
********
epoch: 29     time: 2938
train_loss: 0.6593157889544964
SHAPE: (640, 640)
********
epoch: 30     time: 3040
train_loss: 0.6585558686256409
SHAPE: (640, 640)
********
epoch: 31     time: 3141
train_loss: 0.6614847773909569
SHAPE: (640, 640)
********
epoch: 32     time: 3242
train_loss: 0.6540018364191055
SHAPE: (640, 640)
********
epoch: 33     time: 3343
train_loss: 0.6551495255827904
SHAPE: (640, 640)
********
epoch: 34     time: 3445
train_loss: 0.6522527312934399
SHAPE: (640, 640)
********
epoch: 35     time: 3547
train_loss: 0.6534547358751297
SHAPE: (640, 640)
********
epoch: 36     time: 3648
train_loss: 0.6516567761600017
SHAPE: (640, 640)
********
epoch: 37     time: 3750
train_loss: 0.6508081356585026
SHAPE: (640, 640)
********
epoch: 38     time: 3851
train_loss: 0.6476984917223454
SHAPE: (640, 640)
********
epoch: 39     time: 3952
train_loss: 0.6455678333640098
SHAPE: (640, 640)
********
epoch: 40     time: 4053
train_loss: 0.6456670579314232
SHAPE: (640, 640)
********
epoch: 41     time: 4154
train_loss: 0.6470676945447922
SHAPE: (640, 640)
********
epoch: 42     time: 4255
train_loss: 0.6434481320679187
SHAPE: (640, 640)
********
epoch: 43     time: 4356
train_loss: 0.641693143337965
SHAPE: (640, 640)
********
epoch: 44     time: 4457
train_loss: 0.6393813288807869
SHAPE: (640, 640)
********
epoch: 45     time: 4558
train_loss: 0.6367889755666256
SHAPE: (640, 640)
********
epoch: 46     time: 4659
train_loss: 0.6386569041609764
SHAPE: (640, 640)
********
epoch: 47     time: 4760
train_loss: 0.6394410659968853
SHAPE: (640, 640)
********
epoch: 48     time: 4861
train_loss: 0.6393301801383495
SHAPE: (640, 640)
********
epoch: 49     time: 4961
train_loss: 0.6349107463061809
SHAPE: (640, 640)
********
epoch: 50     time: 5063
train_loss: 0.6350137238502502
SHAPE: (640, 640)
********
epoch: 51     time: 5163
train_loss: 0.6332977745532989
SHAPE: (640, 640)
********
epoch: 52     time: 5265
train_loss: 0.6368659008145332
SHAPE: (640, 640)
********
epoch: 53     time: 5365
train_loss: 0.6314881328642369
SHAPE: (640, 640)
********
epoch: 54     time: 5467
train_loss: 0.6336401136517524
SHAPE: (640, 640)
********
epoch: 55     time: 5567
train_loss: 0.6324565944671631
SHAPE: (640, 640)
********
epoch: 56     time: 5668
train_loss: 0.6314609771668911
SHAPE: (640, 640)
********
epoch: 57     time: 5770
train_loss: 0.6277183538377284
SHAPE: (640, 640)
********
epoch: 58     time: 5871
train_loss: 0.6291462205052376
SHAPE: (640, 640)
********
epoch: 59     time: 5972
train_loss: 0.6284722958505153
SHAPE: (640, 640)
********
epoch: 60     time: 6072
train_loss: 0.6259411162734032
SHAPE: (640, 640)
********
epoch: 61     time: 6173
train_loss: 0.622398759752512
SHAPE: (640, 640)
********
epoch: 62     time: 6275
train_loss: 0.6232239812612533
SHAPE: (640, 640)
********
epoch: 63     time: 6376
train_loss: 0.6268004600405693
SHAPE: (640, 640)
********
epoch: 64     time: 6476
train_loss: 0.6219823478460312
SHAPE: (640, 640)
********
epoch: 65     time: 6578
train_loss: 0.6240044178068638
SHAPE: (640, 640)
********
epoch: 66     time: 6678
train_loss: 0.6211920937597751
SHAPE: (640, 640)
********
epoch: 67     time: 6779
train_loss: 0.6250336515009404
SHAPE: (640, 640)
********
epoch: 68     time: 6880
train_loss: 0.6221469135880471
SHAPE: (640, 640)
********
epoch: 69     time: 6981
train_loss: 0.6207392415106296
SHAPE: (640, 640)
********
epoch: 70     time: 7082
train_loss: 0.6190623961389065
SHAPE: (640, 640)
********
epoch: 71     time: 7183
train_loss: 0.6225022491812706
SHAPE: (640, 640)
********
epoch: 72     time: 7284
train_loss: 0.6161356700360775
SHAPE: (640, 640)
********
epoch: 73     time: 7385
train_loss: 0.615539160579443
SHAPE: (640, 640)
********
epoch: 74     time: 7486
train_loss: 0.6187787978947162
SHAPE: (640, 640)
********
epoch: 75     time: 7587
train_loss: 0.6157444623112679
SHAPE: (640, 640)
********
epoch: 76     time: 7687
train_loss: 0.6148743918836117
SHAPE: (640, 640)
********
epoch: 77     time: 7788
train_loss: 0.6190452127158642
SHAPE: (640, 640)
********
epoch: 78     time: 7889
train_loss: 0.6126268245279789
SHAPE: (640, 640)
********
epoch: 79     time: 7990
train_loss: 0.615851405531168
SHAPE: (640, 640)
********
epoch: 80     time: 8090
train_loss: 0.6138051653206349
SHAPE: (640, 640)
********
epoch: 81     time: 8191
train_loss: 0.6115684730112553
SHAPE: (640, 640)
********
epoch: 82     time: 8292
train_loss: 0.6144913005828857
SHAPE: (640, 640)
********
epoch: 83     time: 8392
train_loss: 0.6055063950419426
SHAPE: (640, 640)
********
epoch: 84     time: 8493
train_loss: 0.6133285302519799
SHAPE: (640, 640)
********
epoch: 85     time: 8594
train_loss: 0.6095024630725384
SHAPE: (640, 640)
********
epoch: 86     time: 8694
train_loss: 0.6092763753384351
SHAPE: (640, 640)
********
epoch: 87     time: 8795
train_loss: 0.6057185852378607
SHAPE: (640, 640)
update learning rate: 0.000100 -> 0.000020
********
epoch: 88     time: 8896
train_loss: 0.5956271093487739
SHAPE: (640, 640)
********
epoch: 89     time: 8997
train_loss: 0.5943296739757061
SHAPE: (640, 640)
********
epoch: 90     time: 9098
train_loss: 0.59118545165658
SHAPE: (640, 640)
********
epoch: 91     time: 9199
train_loss: 0.5862221590578556
SHAPE: (640, 640)
********
epoch: 92     time: 9300
train_loss: 0.5875162414908409
SHAPE: (640, 640)
********
epoch: 93     time: 9400
train_loss: 0.5876923430860043
SHAPE: (640, 640)
********
epoch: 94     time: 9501
train_loss: 0.5858500362336636
SHAPE: (640, 640)
********
epoch: 95     time: 9602
train_loss: 0.5889394496679305
SHAPE: (640, 640)
********
epoch: 96     time: 9703
train_loss: 0.5846801139712333
SHAPE: (640, 640)
********
epoch: 97     time: 9804
train_loss: 0.5860216757953167
SHAPE: (640, 640)
********
epoch: 98     time: 9904
train_loss: 0.584949896901846
SHAPE: (640, 640)
********
epoch: 99     time: 10005
train_loss: 0.5860656960010528
SHAPE: (640, 640)
********
epoch: 100     time: 10106
train_loss: 0.5806800462901592
SHAPE: (640, 640)
********
epoch: 101     time: 10207
train_loss: 0.5838392184078693
SHAPE: (640, 640)
********
epoch: 102     time: 10307
train_loss: 0.5807839791476727
SHAPE: (640, 640)
********
epoch: 103     time: 10408
train_loss: 0.5836350450515747
SHAPE: (640, 640)
********
epoch: 104     time: 10509
train_loss: 0.5879362635016442
SHAPE: (640, 640)
update learning rate: 0.000020 -> 0.000004
********
epoch: 105     time: 10610
train_loss: 0.5814828738570214
SHAPE: (640, 640)
update learning rate: 0.000004 -> 0.000001
********
epoch: 106     time: 10710
train_loss: 0.5805971878468991
SHAPE: (640, 640)
********
epoch: 107     time: 10812
train_loss: 0.5805420244336128
SHAPE: (640, 640)
********
epoch: 108     time: 10913
train_loss: 0.5822829445004463
SHAPE: (640, 640)
********
epoch: 109     time: 11013
train_loss: 0.579917957007885
SHAPE: (640, 640)
********
epoch: 110     time: 11114
train_loss: 0.577560402661562
SHAPE: (640, 640)
********
epoch: 111     time: 11215
train_loss: 0.5807186635732651
SHAPE: (640, 640)
********
epoch: 112     time: 11316
train_loss: 0.5815358966290951
SHAPE: (640, 640)
********
epoch: 113     time: 11416
train_loss: 0.5787290005683899
SHAPE: (640, 640)
********
epoch: 114     time: 11517
train_loss: 0.5816605872511864
SHAPE: (640, 640)
update learning rate: 0.000001 -> 0.000000
********
epoch: 115     time: 11617
train_loss: 0.5812290447950363
SHAPE: (640, 640)
Finish!
