********
epoch: 1     time: 106
train_loss: 1.1497026205062866
SHAPE: (640, 640)
********
epoch: 2     time: 221
train_loss: 0.8793923696279525
SHAPE: (640, 640)
********
epoch: 3     time: 337
train_loss: 0.8055051994323731
SHAPE: (640, 640)
********
epoch: 4     time: 452
train_loss: 0.7644266177415848
SHAPE: (640, 640)
********
epoch: 5     time: 568
train_loss: 0.7431060363054276
SHAPE: (640, 640)
********
epoch: 6     time: 683
train_loss: 0.7261182117462158
SHAPE: (640, 640)
********
epoch: 7     time: 799
train_loss: 0.7164507235884666
SHAPE: (640, 640)
********
epoch: 8     time: 915
train_loss: 0.7047339853644371
SHAPE: (640, 640)
********
epoch: 9     time: 1030
train_loss: 0.7001574053764343
SHAPE: (640, 640)
********
epoch: 10     time: 1146
train_loss: 0.7013207522630691
SHAPE: (640, 640)
********
epoch: 11     time: 1259
train_loss: 0.691360731124878
SHAPE: (640, 640)
********
epoch: 12     time: 1375
train_loss: 0.6900344517230987
SHAPE: (640, 640)
********
epoch: 13     time: 1491
train_loss: 0.6859828953742981
SHAPE: (640, 640)
********
epoch: 14     time: 1607
train_loss: 0.6776545713543892
SHAPE: (640, 640)
********
epoch: 15     time: 1722
train_loss: 0.6776356251835823
SHAPE: (640, 640)
********
epoch: 16     time: 1839
train_loss: 0.6673736910820007
SHAPE: (640, 640)
********
epoch: 17     time: 1955
train_loss: 0.6726041093468667
SHAPE: (640, 640)
********
epoch: 18     time: 2070
train_loss: 0.671085433125496
SHAPE: (640, 640)
********
epoch: 19     time: 2184
train_loss: 0.6636338465809822
SHAPE: (640, 640)
********
epoch: 20     time: 2299
train_loss: 0.6647845183610916
SHAPE: (640, 640)
********
epoch: 21     time: 2412
train_loss: 0.6655863198041916
SHAPE: (640, 640)
********
epoch: 22     time: 2525
train_loss: 0.6613214414715767
SHAPE: (640, 640)
********
epoch: 23     time: 2639
train_loss: 0.6531929399967193
SHAPE: (640, 640)
********
epoch: 24     time: 2753
train_loss: 0.6527599512934684
SHAPE: (640, 640)
********
epoch: 25     time: 2867
train_loss: 0.6454804963469505
SHAPE: (640, 640)
********
epoch: 26     time: 2981
train_loss: 0.6498368800878525
SHAPE: (640, 640)
********
epoch: 27     time: 3093
train_loss: 0.6539071294665336
SHAPE: (640, 640)
********
epoch: 28     time: 3206
train_loss: 0.6482250951528549
SHAPE: (640, 640)
********
epoch: 29     time: 3318
train_loss: 0.6450526542067527
SHAPE: (640, 640)
********
epoch: 30     time: 3433
train_loss: 0.6401126390695572
SHAPE: (640, 640)
********
epoch: 31     time: 3546
train_loss: 0.6399299362897873
SHAPE: (640, 640)
********
epoch: 32     time: 3660
train_loss: 0.6354553057551384
SHAPE: (640, 640)
********
epoch: 33     time: 3773
train_loss: 0.6399326254725456
SHAPE: (640, 640)
********
epoch: 34     time: 3887
train_loss: 0.6411284283399582
SHAPE: (640, 640)
********
epoch: 35     time: 4000
train_loss: 0.6382624260783195
SHAPE: (640, 640)
********
epoch: 36     time: 4113
train_loss: 0.6311965789794922
SHAPE: (640, 640)
********
epoch: 37     time: 4226
train_loss: 0.6274743209481239
SHAPE: (640, 640)
********
epoch: 38     time: 4341
train_loss: 0.6277229946255684
SHAPE: (640, 640)
********
epoch: 39     time: 4454
train_loss: 0.633778503894806
SHAPE: (640, 640)
********
epoch: 40     time: 4567
train_loss: 0.6295203557014465
SHAPE: (640, 640)
********
epoch: 41     time: 4679
train_loss: 0.6277665532827378
SHAPE: (640, 640)
update learning rate: 0.000100 -> 0.000020
********
epoch: 42     time: 4794
train_loss: 0.6135291556715965
SHAPE: (640, 640)
********
epoch: 43     time: 4908
train_loss: 0.6083861672282219
SHAPE: (640, 640)
********
epoch: 44     time: 5022
train_loss: 0.6013194472193718
SHAPE: (640, 640)
********
epoch: 45     time: 5137
train_loss: 0.6029941085577011
SHAPE: (640, 640)
********
epoch: 46     time: 5251
train_loss: 0.5981325946450233
SHAPE: (640, 640)
********
epoch: 47     time: 5365
train_loss: 0.6006360158920289
SHAPE: (640, 640)
********
epoch: 48     time: 5477
train_loss: 0.5982072277665138
SHAPE: (640, 640)
********
epoch: 49     time: 5590
train_loss: 0.5962891509532928
SHAPE: (640, 640)
********
epoch: 50     time: 5705
train_loss: 0.5934744030237198
SHAPE: (640, 640)
********
epoch: 51     time: 5819
train_loss: 0.6021410892009735
SHAPE: (640, 640)
********
epoch: 52     time: 5932
train_loss: 0.5939393747448921
SHAPE: (640, 640)
********
epoch: 53     time: 6046
train_loss: 0.5960165002346038
SHAPE: (640, 640)
********
epoch: 54     time: 6159
train_loss: 0.5932730485200882
SHAPE: (640, 640)
********
epoch: 55     time: 6273
train_loss: 0.5885092235207557
SHAPE: (640, 640)
********
epoch: 56     time: 6388
train_loss: 0.5904759120941162
SHAPE: (640, 640)
********
epoch: 57     time: 6502
train_loss: 0.5945858643054962
SHAPE: (640, 640)
********
epoch: 58     time: 6615
train_loss: 0.5916842784285545
SHAPE: (640, 640)
********
epoch: 59     time: 6727
train_loss: 0.5871461730599403
SHAPE: (640, 640)
********
epoch: 60     time: 6843
train_loss: 0.5858549070358277
SHAPE: (640, 640)
********
epoch: 61     time: 6958
train_loss: 0.5896776157617569
SHAPE: (640, 640)
********
epoch: 62     time: 7071
train_loss: 0.5905790049433708
SHAPE: (640, 640)
********
epoch: 63     time: 7184
train_loss: 0.5875903440117836
SHAPE: (640, 640)
********
epoch: 64     time: 7298
train_loss: 0.5867226222753524
SHAPE: (640, 640)
update learning rate: 0.000020 -> 0.000004
********
epoch: 65     time: 7412
train_loss: 0.5790332680940629
SHAPE: (640, 640)
********
epoch: 66     time: 7528
train_loss: 0.5860017741322517
SHAPE: (640, 640)
********
epoch: 67     time: 7641
train_loss: 0.5865250200629234
SHAPE: (640, 640)
********
epoch: 68     time: 7755
train_loss: 0.580842375099659
SHAPE: (640, 640)
********
epoch: 69     time: 7869
train_loss: 0.5779743096232415
SHAPE: (640, 640)
********
epoch: 70     time: 7984
train_loss: 0.5811355794668198
SHAPE: (640, 640)
********
epoch: 71     time: 8098
train_loss: 0.5809060606956482
SHAPE: (640, 640)
********
epoch: 72     time: 8211
train_loss: 0.5842530561089516
SHAPE: (640, 640)
********
epoch: 73     time: 8326
train_loss: 0.5786358742117882
SHAPE: (640, 640)
update learning rate: 0.000004 -> 0.000001
********
epoch: 74     time: 8440
train_loss: 0.5829311116933823
SHAPE: (640, 640)
update learning rate: 0.000001 -> 0.000000
********
epoch: 75     time: 8554
train_loss: 0.5785785972476005
SHAPE: (640, 640)
Finish!
