********
epoch: 1     time: 77
train_loss: 1.407214774608612
SHAPE: (640, 640)
********
epoch: 2     time: 155
train_loss: 1.0235869045257568
SHAPE: (640, 640)
********
epoch: 3     time: 233
train_loss: 0.924492737531662
SHAPE: (640, 640)
********
epoch: 4     time: 311
train_loss: 0.8749926908016205
SHAPE: (640, 640)
********
epoch: 5     time: 389
train_loss: 0.8385650794506073
SHAPE: (640, 640)
********
epoch: 6     time: 467
train_loss: 0.8171284492015839
SHAPE: (640, 640)
********
epoch: 7     time: 544
train_loss: 0.802164852142334
SHAPE: (640, 640)
********
epoch: 8     time: 622
train_loss: 0.7910375981330872
SHAPE: (640, 640)
********
epoch: 9     time: 700
train_loss: 0.777903579711914
SHAPE: (640, 640)
********
epoch: 10     time: 778
train_loss: 0.7758318512439728
SHAPE: (640, 640)
********
epoch: 11     time: 856
train_loss: 0.7685933966636658
SHAPE: (640, 640)
********
epoch: 12     time: 934
train_loss: 0.7641218748092652
SHAPE: (640, 640)
********
epoch: 13     time: 1011
train_loss: 0.7570446333885192
SHAPE: (640, 640)
********
epoch: 14     time: 1089
train_loss: 0.7511970949172974
SHAPE: (640, 640)
********
epoch: 15     time: 1167
train_loss: 0.7527560443878174
SHAPE: (640, 640)
********
epoch: 16     time: 1244
train_loss: 0.7478202171325684
SHAPE: (640, 640)
********
epoch: 17     time: 1322
train_loss: 0.7465136499404907
SHAPE: (640, 640)
********
epoch: 18     time: 1400
train_loss: 0.7438277690410614
SHAPE: (640, 640)
********
epoch: 19     time: 1478
train_loss: 0.7388009212017059
SHAPE: (640, 640)
********
epoch: 20     time: 1556
train_loss: 0.7365455226898193
SHAPE: (640, 640)
********
epoch: 21     time: 1634
train_loss: 0.7339057314395905
SHAPE: (640, 640)
********
epoch: 22     time: 1712
train_loss: 0.7288905618190765
SHAPE: (640, 640)
********
epoch: 23     time: 1790
train_loss: 0.7313622341156006
SHAPE: (640, 640)
********
epoch: 24     time: 1867
train_loss: 0.7271838817596435
SHAPE: (640, 640)
********
epoch: 25     time: 1945
train_loss: 0.7211534769535065
SHAPE: (640, 640)
********
epoch: 26     time: 2023
train_loss: 0.7217159514427185
SHAPE: (640, 640)
********
epoch: 27     time: 2100
train_loss: 0.7191656992435456
SHAPE: (640, 640)
********
epoch: 28     time: 2178
train_loss: 0.7222301487922669
SHAPE: (640, 640)
********
epoch: 29     time: 2256
train_loss: 0.7172743439674377
SHAPE: (640, 640)
********
epoch: 30     time: 2334
train_loss: 0.711543553352356
SHAPE: (640, 640)
********
epoch: 31     time: 2412
train_loss: 0.7130366487503051
SHAPE: (640, 640)
********
epoch: 32     time: 2489
train_loss: 0.7062860782146454
SHAPE: (640, 640)
********
epoch: 33     time: 2567
train_loss: 0.7074229910373687
SHAPE: (640, 640)
********
epoch: 34     time: 2644
train_loss: 0.7100097343921662
SHAPE: (640, 640)
********
epoch: 35     time: 2722
train_loss: 0.7099160356521607
SHAPE: (640, 640)
********
epoch: 36     time: 2799
train_loss: 0.7054018340110779
SHAPE: (640, 640)
********
epoch: 37     time: 2877
train_loss: 0.7072045888900756
SHAPE: (640, 640)
********
epoch: 38     time: 2955
train_loss: 0.7003312139511109
SHAPE: (640, 640)
********
epoch: 39     time: 3032
train_loss: 0.696192979335785
SHAPE: (640, 640)
********
epoch: 40     time: 3110
train_loss: 0.6977879419326782
SHAPE: (640, 640)
********
epoch: 41     time: 3188
train_loss: 0.6949210767745971
SHAPE: (640, 640)
********
epoch: 42     time: 3266
train_loss: 0.692528269290924
SHAPE: (640, 640)
********
epoch: 43     time: 3344
train_loss: 0.6921247291564941
SHAPE: (640, 640)
********
epoch: 44     time: 3422
train_loss: 0.6919339661598205
SHAPE: (640, 640)
********
epoch: 45     time: 3500
train_loss: 0.6887042207717895
SHAPE: (640, 640)
********
epoch: 46     time: 3577
train_loss: 0.6958283033370972
SHAPE: (640, 640)
********
epoch: 47     time: 3655
train_loss: 0.6881504428386688
SHAPE: (640, 640)
********
epoch: 48     time: 3733
train_loss: 0.6875777304172516
SHAPE: (640, 640)
********
epoch: 49     time: 3811
train_loss: 0.6862452430725098
SHAPE: (640, 640)
********
epoch: 50     time: 3889
train_loss: 0.6889989771842957
SHAPE: (640, 640)
********
epoch: 51     time: 3966
train_loss: 0.6852402608394623
SHAPE: (640, 640)
********
epoch: 52     time: 4044
train_loss: 0.6835451850891113
SHAPE: (640, 640)
********
epoch: 53     time: 4122
train_loss: 0.685144953250885
SHAPE: (640, 640)
********
epoch: 54     time: 4200
train_loss: 0.6845912749767303
SHAPE: (640, 640)
********
epoch: 55     time: 4277
train_loss: 0.6798874101638794
SHAPE: (640, 640)
********
epoch: 56     time: 4355
train_loss: 0.6818110067844391
SHAPE: (640, 640)
********
epoch: 57     time: 4432
train_loss: 0.6790284938812255
SHAPE: (640, 640)
********
epoch: 58     time: 4510
train_loss: 0.6766168382167816
SHAPE: (640, 640)
********
epoch: 59     time: 4588
train_loss: 0.6786943159103394
SHAPE: (640, 640)
********
epoch: 60     time: 4666
train_loss: 0.6775429098606109
SHAPE: (640, 640)
********
epoch: 61     time: 4743
train_loss: 0.6737763872146606
SHAPE: (640, 640)
********
epoch: 62     time: 4821
train_loss: 0.6744867022037506
SHAPE: (640, 640)
********
epoch: 63     time: 4898
train_loss: 0.669384657382965
SHAPE: (640, 640)
********
epoch: 64     time: 4976
train_loss: 0.6692473902702332
SHAPE: (640, 640)
********
epoch: 65     time: 5054
train_loss: 0.6707356519699097
SHAPE: (640, 640)
********
epoch: 66     time: 5132
train_loss: 0.6707751674652099
SHAPE: (640, 640)
********
epoch: 67     time: 5209
train_loss: 0.6678238949775696
SHAPE: (640, 640)
********
epoch: 68     time: 5287
train_loss: 0.6727748374938964
SHAPE: (640, 640)
********
epoch: 69     time: 5365
train_loss: 0.6713720083236694
SHAPE: (640, 640)
********
epoch: 70     time: 5442
train_loss: 0.6662361257076264
SHAPE: (640, 640)
********
epoch: 71     time: 5520
train_loss: 0.6641421996355057
SHAPE: (640, 640)
********
epoch: 72     time: 5598
train_loss: 0.6676713950634002
SHAPE: (640, 640)
********
epoch: 73     time: 5675
train_loss: 0.6607877714633942
SHAPE: (640, 640)
********
epoch: 74     time: 5753
train_loss: 0.6616599953174591
SHAPE: (640, 640)
********
epoch: 75     time: 5830
train_loss: 0.6605093133449554
SHAPE: (640, 640)
********
epoch: 76     time: 5908
train_loss: 0.6583530815839768
SHAPE: (640, 640)
********
epoch: 77     time: 5986
train_loss: 0.6590654275417328
SHAPE: (640, 640)
********
epoch: 78     time: 6064
train_loss: 0.6605737104415893
SHAPE: (640, 640)
********
epoch: 79     time: 6141
train_loss: 0.6591072245836258
SHAPE: (640, 640)
********
epoch: 80     time: 6218
train_loss: 0.6556512773036957
SHAPE: (640, 640)
********
epoch: 81     time: 6296
train_loss: 0.6594757255315781
SHAPE: (640, 640)
********
epoch: 82     time: 6374
train_loss: 0.6601152353286743
SHAPE: (640, 640)
********
epoch: 83     time: 6451
train_loss: 0.6590691803693771
SHAPE: (640, 640)
********
epoch: 84     time: 6529
train_loss: 0.6571522996425628
SHAPE: (640, 640)
update learning rate: 0.000100 -> 0.000020
********
epoch: 85     time: 6606
train_loss: 0.6430620237588882
SHAPE: (640, 640)
********
epoch: 86     time: 6684
train_loss: 0.6378564462661743
SHAPE: (640, 640)
********
epoch: 87     time: 6762
train_loss: 0.6365840542316437
SHAPE: (640, 640)
********
epoch: 88     time: 6840
train_loss: 0.6372441836595535
SHAPE: (640, 640)
********
epoch: 89     time: 6917
train_loss: 0.6350847842693329
SHAPE: (640, 640)
********
epoch: 90     time: 6995
train_loss: 0.6312800241708756
SHAPE: (640, 640)
********
epoch: 91     time: 7073
train_loss: 0.6342451679706573
SHAPE: (640, 640)
********
epoch: 92     time: 7151
train_loss: 0.6373769932985306
SHAPE: (640, 640)
********
epoch: 93     time: 7228
train_loss: 0.6332261012792587
SHAPE: (640, 640)
********
epoch: 94     time: 7305
train_loss: 0.6335456128120422
SHAPE: (640, 640)
update learning rate: 0.000020 -> 0.000004
********
epoch: 95     time: 7383
train_loss: 0.6305560560226441
SHAPE: (640, 640)
********
epoch: 96     time: 7461
train_loss: 0.6298821202516556
SHAPE: (640, 640)
********
epoch: 97     time: 7539
train_loss: 0.6305345195531845
SHAPE: (640, 640)
********
epoch: 98     time: 7616
train_loss: 0.6280733011960983
SHAPE: (640, 640)
********
epoch: 99     time: 7694
train_loss: 0.6319422006607056
SHAPE: (640, 640)
********
epoch: 100     time: 7771
train_loss: 0.630500516295433
SHAPE: (640, 640)
********
epoch: 101     time: 7849
train_loss: 0.6323666753768921
SHAPE: (640, 640)
********
epoch: 102     time: 7926
train_loss: 0.6288937308788299
SHAPE: (640, 640)
update learning rate: 0.000004 -> 0.000001
********
epoch: 103     time: 8004
train_loss: 0.627756062746048
SHAPE: (640, 640)
********
epoch: 104     time: 8081
train_loss: 0.6290152385234833
SHAPE: (640, 640)
********
epoch: 105     time: 8159
train_loss: 0.6292618585824966
SHAPE: (640, 640)
********
epoch: 106     time: 8236
train_loss: 0.6287068921327591
SHAPE: (640, 640)
********
epoch: 107     time: 8314
train_loss: 0.6305882132053375
SHAPE: (640, 640)
update learning rate: 0.000001 -> 0.000000
********
epoch: 108     time: 8391
train_loss: 0.6290380605459214
SHAPE: (640, 640)
Finish!
