********
epoch: 1     time: 20
train_loss: 1.5935894978046417
SHAPE: (640, 640)
********
epoch: 2     time: 39
train_loss: 1.272790596485138
SHAPE: (640, 640)
********
epoch: 3     time: 64
train_loss: 1.0952105522155762
SHAPE: (640, 640)
********
epoch: 4     time: 88
train_loss: 1.0226518589258193
SHAPE: (640, 640)
********
epoch: 5     time: 113
train_loss: 0.9719131743907928
SHAPE: (640, 640)
********
epoch: 6     time: 138
train_loss: 0.9320371437072754
SHAPE: (640, 640)
********
epoch: 7     time: 163
train_loss: 0.8862931972742081
SHAPE: (640, 640)
********
epoch: 8     time: 189
train_loss: 0.8558332896232606
SHAPE: (640, 640)
********
epoch: 9     time: 214
train_loss: 0.8359834158420563
SHAPE: (640, 640)
********
epoch: 10     time: 239
train_loss: 0.8252607220411301
SHAPE: (640, 640)
********
epoch: 11     time: 263
train_loss: 0.7931278336048126
SHAPE: (640, 640)
********
epoch: 12     time: 288
train_loss: 0.7851157677173615
SHAPE: (640, 640)
********
epoch: 13     time: 313
train_loss: 0.7599329954385757
SHAPE: (640, 640)
********
epoch: 14     time: 371
train_loss: 0.7519551905989647
SHAPE: (640, 640)
********
epoch: 15     time: 396
train_loss: 0.7550280559062957
SHAPE: (640, 640)
********
epoch: 16     time: 419
train_loss: 0.7357667791843414
SHAPE: (640, 640)
********
epoch: 17     time: 444
train_loss: 0.7116394692659378
SHAPE: (640, 640)
********
epoch: 18     time: 469
train_loss: 0.7124656355381012
SHAPE: (640, 640)
********
epoch: 19     time: 492
train_loss: 0.702458261847496
SHAPE: (640, 640)
********
epoch: 20     time: 517
train_loss: 0.7039757281541824
SHAPE: (640, 640)
********
epoch: 21     time: 541
train_loss: 0.7042971128225326
SHAPE: (640, 640)
********
epoch: 22     time: 565
train_loss: 0.6953329288959503
SHAPE: (640, 640)
********
epoch: 23     time: 590
train_loss: 0.678995527625084
SHAPE: (640, 640)
********
epoch: 24     time: 614
train_loss: 0.6821962207555771
SHAPE: (640, 640)
********
epoch: 25     time: 638
train_loss: 0.6692391628026962
SHAPE: (640, 640)
********
epoch: 26     time: 663
train_loss: 0.6731059926748276
SHAPE: (640, 640)
********
epoch: 27     time: 686
train_loss: 0.6693173980712891
SHAPE: (640, 640)
********
epoch: 28     time: 710
train_loss: 0.6810299855470657
SHAPE: (640, 640)
********
epoch: 29     time: 733
train_loss: 0.6717650496959686
SHAPE: (640, 640)
update learning rate: 0.000100 -> 0.000020
********
epoch: 30     time: 757
train_loss: 0.6615395313501358
SHAPE: (640, 640)
********
epoch: 31     time: 782
train_loss: 0.6472225517034531
SHAPE: (640, 640)
********
epoch: 32     time: 807
train_loss: 0.6342776185274124
SHAPE: (640, 640)
********
epoch: 33     time: 832
train_loss: 0.6331354150176048
SHAPE: (640, 640)
********
epoch: 34     time: 857
train_loss: 0.6284132313728332
SHAPE: (640, 640)
********
epoch: 35     time: 881
train_loss: 0.6303507918119431
SHAPE: (640, 640)
********
epoch: 36     time: 904
train_loss: 0.6335410335659981
SHAPE: (640, 640)
********
epoch: 37     time: 928
train_loss: 0.6294902169704437
SHAPE: (640, 640)
********
epoch: 38     time: 951
train_loss: 0.6181468853354454
SHAPE: (640, 640)
********
epoch: 39     time: 976
train_loss: 0.622419504225254
SHAPE: (640, 640)
********
epoch: 40     time: 999
train_loss: 0.6293394857645035
SHAPE: (640, 640)
********
epoch: 41     time: 1023
train_loss: 0.6185031366348267
SHAPE: (640, 640)
********
epoch: 42     time: 1047
train_loss: 0.6265862143039703
SHAPE: (640, 640)
update learning rate: 0.000020 -> 0.000004
********
epoch: 43     time: 1071
train_loss: 0.6138891583681106
SHAPE: (640, 640)
********
epoch: 44     time: 1095
train_loss: 0.6262875595688819
SHAPE: (640, 640)
********
epoch: 45     time: 1119
train_loss: 0.616118383705616
SHAPE: (640, 640)
********
epoch: 46     time: 1142
train_loss: 0.6197382017970086
SHAPE: (640, 640)
********
epoch: 47     time: 1166
train_loss: 0.6201610565185547
SHAPE: (640, 640)
update learning rate: 0.000004 -> 0.000001
********
epoch: 48     time: 1190
train_loss: 0.6225562131404877
SHAPE: (640, 640)
update learning rate: 0.000001 -> 0.000000
********
epoch: 49     time: 1215
train_loss: 0.6100747817754746
SHAPE: (640, 640)
********
epoch: 50     time: 1240
train_loss: 0.6115461710095406
SHAPE: (640, 640)
********
epoch: 51     time: 1263
train_loss: 0.6167142978310585
SHAPE: (640, 640)
********
epoch: 52     time: 1286
train_loss: 0.6144471782445907
SHAPE: (640, 640)
********
epoch: 53     time: 1309
train_loss: 0.6088154649734497
SHAPE: (640, 640)
********
epoch: 54     time: 1334
train_loss: 0.6123401179909707
SHAPE: (640, 640)
********
epoch: 55     time: 1357
train_loss: 0.6126387795805931
SHAPE: (640, 640)
********
epoch: 56     time: 1381
train_loss: 0.6202348417043686
SHAPE: (640, 640)
********
epoch: 57     time: 1404
train_loss: 0.6088597929477692
SHAPE: (640, 640)
Finish!
