********
epoch: 1     time: 105
train_loss: 1.1477794106006622
SHAPE: (640, 640)
********
epoch: 2     time: 219
train_loss: 0.848928873538971
SHAPE: (640, 640)
********
epoch: 3     time: 331
train_loss: 0.7706106290817261
SHAPE: (640, 640)
********
epoch: 4     time: 445
train_loss: 0.7306386897563935
SHAPE: (640, 640)
********
epoch: 5     time: 559
train_loss: 0.7024033496379852
SHAPE: (640, 640)
********
epoch: 6     time: 672
train_loss: 0.6935418644547462
SHAPE: (640, 640)
********
epoch: 7     time: 786
train_loss: 0.6814821405410767
SHAPE: (640, 640)
********
epoch: 8     time: 900
train_loss: 0.6722239448428154
SHAPE: (640, 640)
********
epoch: 9     time: 1012
train_loss: 0.6598648079037667
SHAPE: (640, 640)
********
epoch: 10     time: 1126
train_loss: 0.6645624611377716
SHAPE: (640, 640)
********
epoch: 11     time: 1240
train_loss: 0.653715281367302
SHAPE: (640, 640)
********
epoch: 12     time: 1354
train_loss: 0.6522450884580612
SHAPE: (640, 640)
********
epoch: 13     time: 1467
train_loss: 0.6432360392808915
SHAPE: (640, 640)
********
epoch: 14     time: 1582
train_loss: 0.637936412870884
SHAPE: (640, 640)
********
epoch: 15     time: 1696
train_loss: 0.6384089712500572
SHAPE: (640, 640)
********
epoch: 16     time: 1809
train_loss: 0.6318115186691284
SHAPE: (640, 640)
********
epoch: 17     time: 1923
train_loss: 0.6296024510264396
SHAPE: (640, 640)
********
epoch: 18     time: 2037
train_loss: 0.6243792558908463
SHAPE: (640, 640)
********
epoch: 19     time: 2151
train_loss: 0.6243576476573944
SHAPE: (640, 640)
********
epoch: 20     time: 2265
train_loss: 0.6196605952382088
SHAPE: (640, 640)
********
epoch: 21     time: 2378
train_loss: 0.6219544479846955
SHAPE: (640, 640)
********
epoch: 22     time: 2491
train_loss: 0.6179303767085076
SHAPE: (640, 640)
********
epoch: 23     time: 2606
train_loss: 0.6196366891264915
SHAPE: (640, 640)
********
epoch: 24     time: 2719
train_loss: 0.612721817612648
SHAPE: (640, 640)
********
epoch: 25     time: 2833
train_loss: 0.6169426782727242
SHAPE: (640, 640)
********
epoch: 26     time: 2947
train_loss: 0.6101699410676956
SHAPE: (640, 640)
********
epoch: 27     time: 3060
train_loss: 0.6136018446683884
SHAPE: (640, 640)
********
epoch: 28     time: 3174
train_loss: 0.6069120329618454
SHAPE: (640, 640)
********
epoch: 29     time: 3287
train_loss: 0.601662072956562
SHAPE: (640, 640)
********
epoch: 30     time: 3400
train_loss: 0.6045171854496002
SHAPE: (640, 640)
********
epoch: 31     time: 3513
train_loss: 0.6014065812826157
SHAPE: (640, 640)
********
epoch: 32     time: 3628
train_loss: 0.6045868570208549
SHAPE: (640, 640)
********
epoch: 33     time: 3741
train_loss: 0.5983166846632958
SHAPE: (640, 640)
********
epoch: 34     time: 3855
train_loss: 0.5946151911020279
SHAPE: (640, 640)
********
epoch: 35     time: 3969
train_loss: 0.5940012357234955
SHAPE: (640, 640)
********
epoch: 36     time: 4083
train_loss: 0.5915012364387512
SHAPE: (640, 640)
********
epoch: 37     time: 4198
train_loss: 0.5958470684885979
SHAPE: (640, 640)
********
epoch: 38     time: 4311
train_loss: 0.5918483405709266
SHAPE: (640, 640)
********
epoch: 39     time: 4424
train_loss: 0.594650176346302
SHAPE: (640, 640)
********
epoch: 40     time: 4537
train_loss: 0.5953949495553971
SHAPE: (640, 640)
update learning rate: 0.000100 -> 0.000020
********
epoch: 41     time: 4651
train_loss: 0.572771718263626
SHAPE: (640, 640)
********
epoch: 42     time: 4766
train_loss: 0.5716304439306259
SHAPE: (640, 640)
********
epoch: 43     time: 4881
train_loss: 0.5652231648564339
SHAPE: (640, 640)
********
epoch: 44     time: 4996
train_loss: 0.5652074453830719
SHAPE: (640, 640)
********
epoch: 45     time: 5110
train_loss: 0.5609326002597809
SHAPE: (640, 640)
********
epoch: 46     time: 5225
train_loss: 0.5602901018857956
SHAPE: (640, 640)
********
epoch: 47     time: 5339
train_loss: 0.5603739287257195
SHAPE: (640, 640)
********
epoch: 48     time: 5453
train_loss: 0.5568152858614922
SHAPE: (640, 640)
********
epoch: 49     time: 5566
train_loss: 0.5569063739180565
SHAPE: (640, 640)
********
epoch: 50     time: 5680
train_loss: 0.5545360787510872
SHAPE: (640, 640)
********
epoch: 51     time: 5794
train_loss: 0.5587714551091194
SHAPE: (640, 640)
********
epoch: 52     time: 5908
train_loss: 0.5574095759391785
SHAPE: (640, 640)
********
epoch: 53     time: 6023
train_loss: 0.560401771903038
SHAPE: (640, 640)
********
epoch: 54     time: 6137
train_loss: 0.5570757756829262
SHAPE: (640, 640)
update learning rate: 0.000020 -> 0.000004
********
epoch: 55     time: 6252
train_loss: 0.5554457858204842
SHAPE: (640, 640)
update learning rate: 0.000004 -> 0.000001
********
epoch: 56     time: 6367
train_loss: 0.5559886651039123
SHAPE: (640, 640)
update learning rate: 0.000001 -> 0.000000
********
epoch: 57     time: 6483
train_loss: 0.5538138102889061
SHAPE: (640, 640)
********
epoch: 58     time: 6599
train_loss: 0.5572167817354202
SHAPE: (640, 640)
********
epoch: 59     time: 6714
train_loss: 0.5580334385633469
SHAPE: (640, 640)
********
epoch: 60     time: 6829
train_loss: 0.5546945717930793
SHAPE: (640, 640)
********
epoch: 61     time: 6943
train_loss: 0.5546902404427528
SHAPE: (640, 640)
Finish!
