********
epoch: 1     time: 60
train_loss: 1.0904230360984801
SHAPE: (640, 640)
********
epoch: 2     time: 120
train_loss: 1.0219418913125993
SHAPE: (640, 640)
********
epoch: 3     time: 181
train_loss: 1.0047330626249313
SHAPE: (640, 640)
********
epoch: 4     time: 241
train_loss: 0.9952486746311188
SHAPE: (640, 640)
********
epoch: 5     time: 302
train_loss: 0.9901110372543335
SHAPE: (640, 640)
********
epoch: 6     time: 362
train_loss: 0.9804601100683212
SHAPE: (640, 640)
********
epoch: 7     time: 423
train_loss: 0.9813648872375488
SHAPE: (640, 640)
********
epoch: 8     time: 483
train_loss: 0.9734915175437927
SHAPE: (640, 640)
********
epoch: 9     time: 544
train_loss: 0.9581122616529465
SHAPE: (640, 640)
********
epoch: 10     time: 605
train_loss: 0.9346580806970596
SHAPE: (640, 640)
********
epoch: 11     time: 665
train_loss: 0.918428310751915
SHAPE: (640, 640)
********
epoch: 12     time: 726
train_loss: 0.9038891891241073
SHAPE: (640, 640)
********
epoch: 13     time: 786
train_loss: 0.8878855704069137
SHAPE: (640, 640)
********
epoch: 14     time: 847
train_loss: 0.8777939391136169
SHAPE: (640, 640)
********
epoch: 15     time: 907
train_loss: 0.8699179354906083
SHAPE: (640, 640)
********
epoch: 16     time: 968
train_loss: 0.8600577113628387
SHAPE: (640, 640)
********
epoch: 17     time: 1029
train_loss: 0.8521139497756958
SHAPE: (640, 640)
********
epoch: 18     time: 1185
train_loss: 0.8467972770929336
SHAPE: (640, 640)
********
epoch: 19     time: 1246
train_loss: 0.8409640318155289
SHAPE: (640, 640)
********
epoch: 20     time: 1307
train_loss: 0.8330598878860473
SHAPE: (640, 640)
********
epoch: 21     time: 1367
train_loss: 0.8258392008543014
SHAPE: (640, 640)
********
epoch: 22     time: 1428
train_loss: 0.8252342470884323
SHAPE: (640, 640)
********
epoch: 23     time: 1488
train_loss: 0.8199560754299163
SHAPE: (640, 640)
********
epoch: 24     time: 1549
train_loss: 0.8146220301389694
SHAPE: (640, 640)
********
epoch: 25     time: 1609
train_loss: 0.8097496803998947
SHAPE: (640, 640)
********
epoch: 26     time: 1670
train_loss: 0.8083202397823334
SHAPE: (640, 640)
********
epoch: 27     time: 1730
train_loss: 0.8041796306371689
SHAPE: (640, 640)
********
epoch: 28     time: 1791
train_loss: 0.8004134349822998
SHAPE: (640, 640)
********
epoch: 29     time: 1851
train_loss: 0.7973077789545059
SHAPE: (640, 640)
********
epoch: 30     time: 1912
train_loss: 0.7950811413526535
SHAPE: (640, 640)
********
epoch: 31     time: 1972
train_loss: 0.7933978935480118
SHAPE: (640, 640)
********
epoch: 32     time: 2033
train_loss: 0.7907755603790283
SHAPE: (640, 640)
********
epoch: 33     time: 2094
train_loss: 0.784552561879158
SHAPE: (640, 640)
********
epoch: 34     time: 2154
train_loss: 0.7775329308509826
SHAPE: (640, 640)
********
epoch: 35     time: 2215
train_loss: 0.776453354716301
SHAPE: (640, 640)
********
epoch: 36     time: 2276
train_loss: 0.7761981253623962
SHAPE: (640, 640)
********
epoch: 37     time: 2336
train_loss: 0.7745267270803452
SHAPE: (640, 640)
********
epoch: 38     time: 2397
train_loss: 0.7670684649944305
SHAPE: (640, 640)
********
epoch: 39     time: 2457
train_loss: 0.7677473115921021
SHAPE: (640, 640)
********
epoch: 40     time: 2518
train_loss: 0.7658894171714783
SHAPE: (640, 640)
********
epoch: 41     time: 2578
train_loss: 0.7624458569288254
SHAPE: (640, 640)
********
epoch: 42     time: 2639
train_loss: 0.7594870417118073
SHAPE: (640, 640)
********
epoch: 43     time: 2699
train_loss: 0.7556475425958633
SHAPE: (640, 640)
********
epoch: 44     time: 2760
train_loss: 0.7615315253734589
SHAPE: (640, 640)
********
epoch: 45     time: 2820
train_loss: 0.7530520532727242
SHAPE: (640, 640)
********
epoch: 46     time: 2881
train_loss: 0.7472107235789299
SHAPE: (640, 640)
********
epoch: 47     time: 2942
train_loss: 0.7549698311090469
SHAPE: (640, 640)
********
epoch: 48     time: 3002
train_loss: 0.7535014859437943
SHAPE: (640, 640)
********
epoch: 49     time: 3063
train_loss: 0.743336815237999
SHAPE: (640, 640)
********
epoch: 50     time: 3124
train_loss: 0.7446861869692802
SHAPE: (640, 640)
********
epoch: 51     time: 3184
train_loss: 0.7440440398454666
SHAPE: (640, 640)
********
epoch: 52     time: 3245
train_loss: 0.739156494319439
SHAPE: (640, 640)
********
epoch: 53     time: 3305
train_loss: 0.7360583878159523
SHAPE: (640, 640)
********
epoch: 54     time: 3366
train_loss: 0.7369183764457703
SHAPE: (640, 640)
********
epoch: 55     time: 3427
train_loss: 0.7313150390982628
SHAPE: (640, 640)
********
epoch: 56     time: 3487
train_loss: 0.7260789981484413
SHAPE: (640, 640)
********
epoch: 57     time: 3548
train_loss: 0.7214542201161385
SHAPE: (640, 640)
********
epoch: 58     time: 3608
train_loss: 0.7236637037396431
SHAPE: (640, 640)
********
epoch: 59     time: 3669
train_loss: 0.7232661191821098
SHAPE: (640, 640)
********
epoch: 60     time: 3729
train_loss: 0.7220578787922859
SHAPE: (640, 640)
********
epoch: 61     time: 3790
train_loss: 0.7256820377111435
SHAPE: (640, 640)
update learning rate: 0.000100 -> 0.000020
********
epoch: 62     time: 3851
train_loss: 0.7092685154080391
SHAPE: (640, 640)
********
epoch: 63     time: 3911
train_loss: 0.701575875043869
SHAPE: (640, 640)
********
epoch: 64     time: 3972
train_loss: 0.7007914007902145
SHAPE: (640, 640)
********
epoch: 65     time: 4033
train_loss: 0.6978810312151909
SHAPE: (640, 640)
********
epoch: 66     time: 4093
train_loss: 0.6981123155355453
SHAPE: (640, 640)
********
epoch: 67     time: 4154
train_loss: 0.693894154369831
SHAPE: (640, 640)
********
epoch: 68     time: 4215
train_loss: 0.6966945155262947
SHAPE: (640, 640)
********
epoch: 69     time: 4275
train_loss: 0.6956860575675964
SHAPE: (640, 640)
********
epoch: 70     time: 4335
train_loss: 0.6926921863555908
SHAPE: (640, 640)
********
epoch: 71     time: 4396
train_loss: 0.6922542650699616
SHAPE: (640, 640)
********
epoch: 72     time: 4457
train_loss: 0.6951404721140861
SHAPE: (640, 640)
********
epoch: 73     time: 4517
train_loss: 0.6913563852906227
SHAPE: (640, 640)
********
epoch: 74     time: 4578
train_loss: 0.6915292767286301
SHAPE: (640, 640)
********
epoch: 75     time: 4638
train_loss: 0.6883114833831787
SHAPE: (640, 640)
********
epoch: 76     time: 4699
train_loss: 0.6893964961767197
SHAPE: (640, 640)
********
epoch: 77     time: 4759
train_loss: 0.6802368622422218
SHAPE: (640, 640)
********
epoch: 78     time: 4820
train_loss: 0.6862858068346978
SHAPE: (640, 640)
********
epoch: 79     time: 4881
train_loss: 0.6858221760988236
SHAPE: (640, 640)
********
epoch: 80     time: 4941
train_loss: 0.6854235965013504
SHAPE: (640, 640)
********
epoch: 81     time: 5002
train_loss: 0.6856569108366967
SHAPE: (640, 640)
update learning rate: 0.000020 -> 0.000004
********
epoch: 82     time: 5062
train_loss: 0.6849647651314735
SHAPE: (640, 640)
update learning rate: 0.000004 -> 0.000001
********
epoch: 83     time: 5123
train_loss: 0.6885744791030883
SHAPE: (640, 640)
update learning rate: 0.000001 -> 0.000000
********
epoch: 84     time: 5183
train_loss: 0.6834669796228409
SHAPE: (640, 640)
early stop at 84 epoch
Finish!
