********
epoch: 1     time: 112
train_loss: 1.1416277183294297
SHAPE: (640, 640)
********
epoch: 2     time: 230
train_loss: 0.9695560737848282
SHAPE: (640, 640)
********
epoch: 3     time: 348
train_loss: 0.9549563205242158
SHAPE: (640, 640)
********
epoch: 4     time: 467
train_loss: 0.9298739171028138
SHAPE: (640, 640)
********
epoch: 5     time: 586
train_loss: 0.9199633316993714
SHAPE: (640, 640)
********
epoch: 6     time: 704
train_loss: 0.9098658057451248
SHAPE: (640, 640)
********
epoch: 7     time: 822
train_loss: 0.9235008836984634
SHAPE: (640, 640)
********
epoch: 8     time: 939
train_loss: 0.8994473667144776
SHAPE: (640, 640)
********
epoch: 9     time: 1059
train_loss: 0.8831003098487854
SHAPE: (640, 640)
********
epoch: 10     time: 1178
train_loss: 0.8673984565734864
SHAPE: (640, 640)
********
epoch: 11     time: 1297
train_loss: 0.8370520353317261
SHAPE: (640, 640)
********
epoch: 12     time: 1415
train_loss: 0.8126294058561325
SHAPE: (640, 640)
********
epoch: 13     time: 1536
train_loss: 0.7990853180885314
SHAPE: (640, 640)
********
epoch: 14     time: 1656
train_loss: 0.7811664078235626
SHAPE: (640, 640)
********
epoch: 15     time: 1774
train_loss: 0.7696996631622315
SHAPE: (640, 640)
********
epoch: 16     time: 1893
train_loss: 0.7506165899038315
SHAPE: (640, 640)
********
epoch: 17     time: 2013
train_loss: 0.7433674744963646
SHAPE: (640, 640)
********
epoch: 18     time: 2133
train_loss: 0.7375138570666313
SHAPE: (640, 640)
********
epoch: 19     time: 2252
train_loss: 0.732386137664318
SHAPE: (640, 640)
********
epoch: 20     time: 2371
train_loss: 0.720197119653225
SHAPE: (640, 640)
********
epoch: 21     time: 2491
train_loss: 0.7109826397895813
SHAPE: (640, 640)
********
epoch: 22     time: 2611
train_loss: 0.7043989162445068
SHAPE: (640, 640)
********
epoch: 23     time: 2731
train_loss: 0.7046351480484009
SHAPE: (640, 640)
********
epoch: 24     time: 2850
train_loss: 0.7074484629631043
SHAPE: (640, 640)
********
epoch: 25     time: 2969
train_loss: 0.7008901173472405
SHAPE: (640, 640)
********
epoch: 26     time: 3089
train_loss: 0.6934411430358887
SHAPE: (640, 640)
********
epoch: 27     time: 3210
train_loss: 0.687872890651226
SHAPE: (640, 640)
********
epoch: 28     time: 3329
train_loss: 0.6831931956410408
SHAPE: (640, 640)
********
epoch: 29     time: 3449
train_loss: 0.6825686643123626
SHAPE: (640, 640)
********
epoch: 30     time: 3570
train_loss: 0.6699337846636773
SHAPE: (640, 640)
********
epoch: 31     time: 3690
train_loss: 0.6708232138156891
SHAPE: (640, 640)
********
epoch: 32     time: 3810
train_loss: 0.6634082094430923
SHAPE: (640, 640)
********
epoch: 33     time: 3931
train_loss: 0.6664349960684777
SHAPE: (640, 640)
********
epoch: 34     time: 4052
train_loss: 0.664738366663456
SHAPE: (640, 640)
********
epoch: 35     time: 4172
train_loss: 0.6637575216889381
SHAPE: (640, 640)
********
epoch: 36     time: 4292
train_loss: 0.6579193157553673
SHAPE: (640, 640)
********
epoch: 37     time: 4413
train_loss: 0.6549664843678474
SHAPE: (640, 640)
********
epoch: 38     time: 4534
train_loss: 0.6558994827270508
SHAPE: (640, 640)
********
epoch: 39     time: 4654
train_loss: 0.6484165415167809
SHAPE: (640, 640)
********
epoch: 40     time: 4774
train_loss: 0.6529947275519371
SHAPE: (640, 640)
********
epoch: 41     time: 4895
train_loss: 0.6464711015224457
SHAPE: (640, 640)
********
epoch: 42     time: 5016
train_loss: 0.6418130756020546
SHAPE: (640, 640)
********
epoch: 43     time: 5137
train_loss: 0.6426656687855721
SHAPE: (640, 640)
********
epoch: 44     time: 5256
train_loss: 0.6380419201254844
SHAPE: (640, 640)
********
epoch: 45     time: 5377
train_loss: 0.6414352889060975
SHAPE: (640, 640)
********
epoch: 46     time: 5498
train_loss: 0.6344162456393242
SHAPE: (640, 640)
********
epoch: 47     time: 5618
train_loss: 0.6336725813746452
SHAPE: (640, 640)
********
epoch: 48     time: 5739
train_loss: 0.6317735570073127
SHAPE: (640, 640)
********
epoch: 49     time: 5860
train_loss: 0.6295066965222359
SHAPE: (640, 640)
********
epoch: 50     time: 5980
train_loss: 0.6290237457156181
SHAPE: (640, 640)
********
epoch: 51     time: 6100
train_loss: 0.6263022499084473
SHAPE: (640, 640)
********
epoch: 52     time: 6221
train_loss: 0.6248122123479843
SHAPE: (640, 640)
********
epoch: 53     time: 6342
train_loss: 0.6181122707128525
SHAPE: (640, 640)
********
epoch: 54     time: 6463
train_loss: 0.6188571004867554
SHAPE: (640, 640)
********
epoch: 55     time: 6583
train_loss: 0.6164501295089722
SHAPE: (640, 640)
********
epoch: 56     time: 6704
train_loss: 0.6176868608593941
SHAPE: (640, 640)
********
epoch: 57     time: 6825
train_loss: 0.6173098775744438
SHAPE: (640, 640)
********
epoch: 58     time: 6946
train_loss: 0.6087428848147393
SHAPE: (640, 640)
********
epoch: 59     time: 7066
train_loss: 0.6156617034077644
SHAPE: (640, 640)
********
epoch: 60     time: 7187
train_loss: 0.6086188296675682
SHAPE: (640, 640)
********
epoch: 61     time: 7306
train_loss: 0.615601656138897
SHAPE: (640, 640)
********
epoch: 62     time: 7427
train_loss: 0.6076151210665702
SHAPE: (640, 640)
********
epoch: 63     time: 7547
train_loss: 0.6054262787699699
SHAPE: (640, 640)
********
epoch: 64     time: 7668
train_loss: 0.6019284720420838
SHAPE: (640, 640)
********
epoch: 65     time: 7788
train_loss: 0.6015394489169121
SHAPE: (640, 640)
********
epoch: 66     time: 7909
train_loss: 0.6026457856297494
SHAPE: (640, 640)
********
epoch: 67     time: 8028
train_loss: 0.6018293229937554
SHAPE: (640, 640)
********
epoch: 68     time: 8148
train_loss: 0.6010915478467941
SHAPE: (640, 640)
********
epoch: 69     time: 8269
train_loss: 0.6003195165395737
SHAPE: (640, 640)
********
epoch: 70     time: 8389
train_loss: 0.5970663273334503
SHAPE: (640, 640)
********
epoch: 71     time: 8509
train_loss: 0.5926973744034767
SHAPE: (640, 640)
********
epoch: 72     time: 8630
train_loss: 0.591856340944767
SHAPE: (640, 640)
********
epoch: 73     time: 8751
train_loss: 0.5908952206373215
SHAPE: (640, 640)
********
epoch: 74     time: 8873
train_loss: 0.592132154226303
SHAPE: (640, 640)
********
epoch: 75     time: 8992
train_loss: 0.589251159965992
SHAPE: (640, 640)
********
epoch: 76     time: 9113
train_loss: 0.5876471591591835
SHAPE: (640, 640)
********
epoch: 77     time: 9234
train_loss: 0.5894048987030983
SHAPE: (640, 640)
********
epoch: 78     time: 9355
train_loss: 0.5847012113332748
SHAPE: (640, 640)
********
epoch: 79     time: 9476
train_loss: 0.5833164056539536
SHAPE: (640, 640)
********
epoch: 80     time: 9596
train_loss: 0.5889796493053436
SHAPE: (640, 640)
********
epoch: 81     time: 9717
train_loss: 0.5838341262936592
SHAPE: (640, 640)
********
epoch: 82     time: 9837
train_loss: 0.5790610802769661
SHAPE: (640, 640)
********
epoch: 83     time: 9957
train_loss: 0.5803442707657814
SHAPE: (640, 640)
********
epoch: 84     time: 10077
train_loss: 0.5740241882205009
SHAPE: (640, 640)
********
epoch: 85     time: 10198
train_loss: 0.5796938430070877
SHAPE: (640, 640)
********
epoch: 86     time: 10318
train_loss: 0.579403110742569
SHAPE: (640, 640)
********
epoch: 87     time: 10436
train_loss: 0.5703632306456566
SHAPE: (640, 640)
********
epoch: 88     time: 10554
train_loss: 0.5804067606329918
SHAPE: (640, 640)
********
epoch: 89     time: 10672
train_loss: 0.5766691141724587
SHAPE: (640, 640)
********
epoch: 90     time: 10791
train_loss: 0.5757065885066986
SHAPE: (640, 640)
********
epoch: 91     time: 10908
train_loss: 0.5737429855465889
SHAPE: (640, 640)
update learning rate: 0.000100 -> 0.000020
********
epoch: 92     time: 11027
train_loss: 0.5557706124186516
SHAPE: (640, 640)
********
epoch: 93     time: 11145
train_loss: 0.5458825012147427
SHAPE: (640, 640)
********
epoch: 94     time: 11263
train_loss: 0.550049046933651
SHAPE: (640, 640)
********
epoch: 95     time: 11381
train_loss: 0.5416967497467995
SHAPE: (640, 640)
********
epoch: 96     time: 11499
train_loss: 0.5394922699928284
SHAPE: (640, 640)
********
epoch: 97     time: 11617
train_loss: 0.5418719831705093
SHAPE: (640, 640)
********
epoch: 98     time: 11735
train_loss: 0.5393369653820992
SHAPE: (640, 640)
********
epoch: 99     time: 11853
train_loss: 0.5401709071993828
SHAPE: (640, 640)
********
epoch: 100     time: 11970
train_loss: 0.5391577348709107
SHAPE: (640, 640)
********
epoch: 101     time: 12089
train_loss: 0.5385805843472481
SHAPE: (640, 640)
********
epoch: 102     time: 12207
train_loss: 0.5388858941793442
SHAPE: (640, 640)
********
epoch: 103     time: 12324
train_loss: 0.5352232109308243
SHAPE: (640, 640)
********
epoch: 104     time: 12443
train_loss: 0.5368996608257294
SHAPE: (640, 640)
********
epoch: 105     time: 12562
train_loss: 0.5383384473323822
SHAPE: (640, 640)
********
epoch: 106     time: 12680
train_loss: 0.5357831683754921
SHAPE: (640, 640)
********
epoch: 107     time: 12798
train_loss: 0.5307699112892151
SHAPE: (640, 640)
********
epoch: 108     time: 12916
train_loss: 0.5331932592391968
SHAPE: (640, 640)
********
epoch: 109     time: 13038
train_loss: 0.5323135001659394
SHAPE: (640, 640)
********
epoch: 110     time: 13155
train_loss: 0.535122512280941
SHAPE: (640, 640)
********
epoch: 111     time: 13274
train_loss: 0.5328783648610115
SHAPE: (640, 640)
update learning rate: 0.000020 -> 0.000004
********
epoch: 112     time: 13392
train_loss: 0.5363344020843506
SHAPE: (640, 640)
update learning rate: 0.000004 -> 0.000001
********
epoch: 113     time: 13511
train_loss: 0.5326138947606087
SHAPE: (640, 640)
update learning rate: 0.000001 -> 0.000000
********
epoch: 114     time: 13630
train_loss: 0.5304455694556236
SHAPE: (640, 640)
********
epoch: 115     time: 13749
train_loss: 0.535684473335743
SHAPE: (640, 640)
********
epoch: 116     time: 13866
train_loss: 0.5336388292312622
SHAPE: (640, 640)
********
epoch: 117     time: 13985
train_loss: 0.530677233338356
SHAPE: (640, 640)
********
epoch: 118     time: 14104
train_loss: 0.5392529646754265
SHAPE: (640, 640)
Finish!
