********
epoch: 1     time: 108
train_loss: 1.104824625134468
SHAPE: (640, 640)
********
epoch: 2     time: 223
train_loss: 1.0165900081396102
SHAPE: (640, 640)
********
epoch: 3     time: 338
train_loss: 0.9929657450914383
SHAPE: (640, 640)
********
epoch: 4     time: 452
train_loss: 0.978743526339531
SHAPE: (640, 640)
********
epoch: 5     time: 567
train_loss: 0.9731290205717087
SHAPE: (640, 640)
********
epoch: 6     time: 682
train_loss: 0.9640144808292389
SHAPE: (640, 640)
********
epoch: 7     time: 795
train_loss: 0.9629231119155883
SHAPE: (640, 640)
********
epoch: 8     time: 909
train_loss: 0.9586742819547653
SHAPE: (640, 640)
********
epoch: 9     time: 1024
train_loss: 0.9619371227025986
SHAPE: (640, 640)
********
epoch: 10     time: 1138
train_loss: 0.954597073674202
SHAPE: (640, 640)
********
epoch: 11     time: 1253
train_loss: 0.9508493192195893
SHAPE: (640, 640)
********
epoch: 12     time: 1367
train_loss: 0.9460982749462128
SHAPE: (640, 640)
********
epoch: 13     time: 1481
train_loss: 0.9487663135528565
SHAPE: (640, 640)
********
epoch: 14     time: 1595
train_loss: 0.951580373764038
SHAPE: (640, 640)
********
epoch: 15     time: 1709
train_loss: 0.9583268469572067
SHAPE: (640, 640)
********
epoch: 16     time: 1823
train_loss: 0.954899960398674
SHAPE: (640, 640)
update learning rate: 0.000100 -> 0.000020
********
epoch: 17     time: 1938
train_loss: 0.9368018255233764
SHAPE: (640, 640)
********
epoch: 18     time: 2052
train_loss: 0.9338924549818038
SHAPE: (640, 640)
********
epoch: 19     time: 2167
train_loss: 0.9319431699514389
SHAPE: (640, 640)
********
epoch: 20     time: 2281
train_loss: 0.9298901339769363
SHAPE: (640, 640)
********
epoch: 21     time: 2395
train_loss: 0.9282932963371276
SHAPE: (640, 640)
********
epoch: 22     time: 2508
train_loss: 0.9258920810222626
SHAPE: (640, 640)
********
epoch: 23     time: 2622
train_loss: 0.9225613337755203
SHAPE: (640, 640)
********
epoch: 24     time: 2736
train_loss: 0.9203514583110809
SHAPE: (640, 640)
********
epoch: 25     time: 2850
train_loss: 0.9193025386333465
SHAPE: (640, 640)
********
epoch: 26     time: 2964
train_loss: 0.9133627738952637
SHAPE: (640, 640)
********
epoch: 27     time: 3079
train_loss: 0.910632779121399
SHAPE: (640, 640)
********
epoch: 28     time: 3193
train_loss: 0.9049535565376282
SHAPE: (640, 640)
********
epoch: 29     time: 3307
train_loss: 0.8984214111566543
SHAPE: (640, 640)
********
epoch: 30     time: 3421
train_loss: 0.892359501004219
SHAPE: (640, 640)
********
epoch: 31     time: 3535
train_loss: 0.886785565495491
SHAPE: (640, 640)
********
epoch: 32     time: 3650
train_loss: 0.8825538392066956
SHAPE: (640, 640)
********
epoch: 33     time: 3765
train_loss: 0.8759733291864396
SHAPE: (640, 640)
********
epoch: 34     time: 3879
train_loss: 0.8704312039613724
SHAPE: (640, 640)
********
epoch: 35     time: 3993
train_loss: 0.8632243229150772
SHAPE: (640, 640)
********
epoch: 36     time: 4107
train_loss: 0.854047366976738
SHAPE: (640, 640)
********
epoch: 37     time: 4221
train_loss: 0.8499310262203217
SHAPE: (640, 640)
********
epoch: 38     time: 4335
train_loss: 0.8429519712924958
SHAPE: (640, 640)
********
epoch: 39     time: 4449
train_loss: 0.8405259146690368
SHAPE: (640, 640)
********
epoch: 40     time: 4563
train_loss: 0.8362203664779663
SHAPE: (640, 640)
********
epoch: 41     time: 4678
train_loss: 0.8327226427793503
SHAPE: (640, 640)
********
epoch: 42     time: 4792
train_loss: 0.8312294572591782
SHAPE: (640, 640)
********
epoch: 43     time: 4906
train_loss: 0.8183059693574906
SHAPE: (640, 640)
********
epoch: 44     time: 5020
train_loss: 0.813666375041008
SHAPE: (640, 640)
********
epoch: 45     time: 5134
train_loss: 0.8096341425180436
SHAPE: (640, 640)
********
epoch: 46     time: 5377
train_loss: 0.8123304933309555
SHAPE: (640, 640)
********
epoch: 47     time: 5491
train_loss: 0.8056966016292572
SHAPE: (640, 640)
********
epoch: 48     time: 5605
train_loss: 0.8025060844421387
SHAPE: (640, 640)
********
epoch: 49     time: 5719
train_loss: 0.7974726552963257
SHAPE: (640, 640)
********
epoch: 50     time: 5833
train_loss: 0.7973402531147004
SHAPE: (640, 640)
********
epoch: 51     time: 5948
train_loss: 0.7963769117593765
SHAPE: (640, 640)
********
epoch: 52     time: 6062
train_loss: 0.7882058440446854
SHAPE: (640, 640)
********
epoch: 53     time: 6177
train_loss: 0.7845132250785828
SHAPE: (640, 640)
********
epoch: 54     time: 6290
train_loss: 0.7842308549284935
SHAPE: (640, 640)
********
epoch: 55     time: 6404
train_loss: 0.7808972897529602
SHAPE: (640, 640)
********
epoch: 56     time: 6519
train_loss: 0.7861490000486374
SHAPE: (640, 640)
********
epoch: 57     time: 6633
train_loss: 0.7785754845142364
SHAPE: (640, 640)
********
epoch: 58     time: 6747
train_loss: 0.7737940695285798
SHAPE: (640, 640)
********
epoch: 59     time: 6861
train_loss: 0.7717147605419159
SHAPE: (640, 640)
********
epoch: 60     time: 6976
train_loss: 0.7709863629341126
SHAPE: (640, 640)
********
epoch: 61     time: 7090
train_loss: 0.7673594102859497
SHAPE: (640, 640)
********
epoch: 62     time: 7205
train_loss: 0.7618664702177048
SHAPE: (640, 640)
********
epoch: 63     time: 7319
train_loss: 0.7630347064733505
SHAPE: (640, 640)
********
epoch: 64     time: 7433
train_loss: 0.759910213470459
SHAPE: (640, 640)
********
epoch: 65     time: 7547
train_loss: 0.7599280068278312
SHAPE: (640, 640)
********
epoch: 66     time: 7660
train_loss: 0.7568887785673142
SHAPE: (640, 640)
********
epoch: 67     time: 7775
train_loss: 0.7538432618379592
SHAPE: (640, 640)
********
epoch: 68     time: 7890
train_loss: 0.7558358286619187
SHAPE: (640, 640)
********
epoch: 69     time: 8004
train_loss: 0.7572870705127716
SHAPE: (640, 640)
********
epoch: 70     time: 8118
train_loss: 0.7540586829185486
SHAPE: (640, 640)
********
epoch: 71     time: 8232
train_loss: 0.7434488018751144
SHAPE: (640, 640)
********
epoch: 72     time: 8347
train_loss: 0.7482717400193214
SHAPE: (640, 640)
********
epoch: 73     time: 8460
train_loss: 0.749324259519577
SHAPE: (640, 640)
********
epoch: 74     time: 8574
train_loss: 0.7434141210317612
SHAPE: (640, 640)
********
epoch: 75     time: 8689
train_loss: 0.7480033639073372
SHAPE: (640, 640)
********
epoch: 76     time: 8803
train_loss: 0.7440926699042321
SHAPE: (640, 640)
********
epoch: 77     time: 8917
train_loss: 0.7422780312299728
SHAPE: (640, 640)
********
epoch: 78     time: 9031
train_loss: 0.7349304098486901
SHAPE: (640, 640)
********
epoch: 79     time: 9145
train_loss: 0.7388966405391693
SHAPE: (640, 640)
********
epoch: 80     time: 9259
train_loss: 0.7386794908642769
SHAPE: (640, 640)
********
epoch: 81     time: 9373
train_loss: 0.733676335811615
SHAPE: (640, 640)
********
epoch: 82     time: 9488
train_loss: 0.7374406442046165
SHAPE: (640, 640)
********
epoch: 83     time: 9602
train_loss: 0.7314696937203408
SHAPE: (640, 640)
********
epoch: 84     time: 9716
train_loss: 0.7329983335137368
SHAPE: (640, 640)
********
epoch: 85     time: 9831
train_loss: 0.7301253026127815
SHAPE: (640, 640)
********
epoch: 86     time: 9946
train_loss: 0.726750940322876
SHAPE: (640, 640)
********
epoch: 87     time: 10059
train_loss: 0.7302180032730102
SHAPE: (640, 640)
********
epoch: 88     time: 10173
train_loss: 0.7244019338488579
SHAPE: (640, 640)
********
epoch: 89     time: 10288
train_loss: 0.7222068066596985
SHAPE: (640, 640)
********
epoch: 90     time: 10403
train_loss: 0.7244993090629578
SHAPE: (640, 640)
********
epoch: 91     time: 10517
train_loss: 0.7210512248277664
SHAPE: (640, 640)
********
epoch: 92     time: 10632
train_loss: 0.7233691664338112
SHAPE: (640, 640)
********
epoch: 93     time: 10746
train_loss: 0.7150806629061699
SHAPE: (640, 640)
********
epoch: 94     time: 10860
train_loss: 0.7143307795524597
SHAPE: (640, 640)
********
epoch: 95     time: 10975
train_loss: 0.7157583822607994
SHAPE: (640, 640)
********
epoch: 96     time: 11090
train_loss: 0.7129505083560944
SHAPE: (640, 640)
********
epoch: 97     time: 11205
train_loss: 0.710610737502575
SHAPE: (640, 640)
********
epoch: 98     time: 11319
train_loss: 0.714218415081501
SHAPE: (640, 640)
********
epoch: 99     time: 11433
train_loss: 0.7161679488420486
SHAPE: (640, 640)
********
epoch: 100     time: 11547
train_loss: 0.7084549666047096
SHAPE: (640, 640)
********
epoch: 101     time: 11661
train_loss: 0.7124928149580956
SHAPE: (640, 640)
********
epoch: 102     time: 11776
train_loss: 0.7110703491568565
SHAPE: (640, 640)
********
epoch: 103     time: 11890
train_loss: 0.7140423868894576
SHAPE: (640, 640)
********
epoch: 104     time: 12005
train_loss: 0.7066363545656205
SHAPE: (640, 640)
********
epoch: 105     time: 12120
train_loss: 0.7023616512417793
SHAPE: (640, 640)
********
epoch: 106     time: 12235
train_loss: 0.7057101748585701
SHAPE: (640, 640)
********
epoch: 107     time: 12349
train_loss: 0.7020524895787239
SHAPE: (640, 640)
********
epoch: 108     time: 12463
train_loss: 0.704138323366642
SHAPE: (640, 640)
********
epoch: 109     time: 12577
train_loss: 0.7029686296582222
SHAPE: (640, 640)
********
epoch: 110     time: 12690
train_loss: 0.6990724703669549
SHAPE: (640, 640)
********
epoch: 111     time: 12805
train_loss: 0.7004983228445053
SHAPE: (640, 640)
********
epoch: 112     time: 12918
train_loss: 0.6965459977388382
SHAPE: (640, 640)
********
epoch: 113     time: 13032
train_loss: 0.7078399075865746
SHAPE: (640, 640)
********
epoch: 114     time: 13146
train_loss: 0.7010283097028732
SHAPE: (640, 640)
********
epoch: 115     time: 13260
train_loss: 0.6933268563151359
SHAPE: (640, 640)
********
epoch: 116     time: 13375
train_loss: 0.6909997373819351
SHAPE: (640, 640)
********
epoch: 117     time: 13489
train_loss: 0.6963316844701767
SHAPE: (640, 640)
********
epoch: 118     time: 13603
train_loss: 0.6909538045525551
SHAPE: (640, 640)
********
epoch: 119     time: 13718
train_loss: 0.6879118139743805
SHAPE: (640, 640)
********
epoch: 120     time: 13834
train_loss: 0.6967678879499435
SHAPE: (640, 640)
********
epoch: 121     time: 13948
train_loss: 0.6912851478457451
SHAPE: (640, 640)
********
epoch: 122     time: 14063
train_loss: 0.6975525712966919
SHAPE: (640, 640)
********
epoch: 123     time: 14178
train_loss: 0.6899148437976838
SHAPE: (640, 640)
update learning rate: 0.000020 -> 0.000004
********
epoch: 124     time: 14292
train_loss: 0.6831449571847915
SHAPE: (640, 640)
********
epoch: 125     time: 14406
train_loss: 0.6827247842550278
SHAPE: (640, 640)
********
epoch: 126     time: 14520
train_loss: 0.672351782977581
SHAPE: (640, 640)
********
epoch: 127     time: 14635
train_loss: 0.6777746608257293
SHAPE: (640, 640)
********
epoch: 128     time: 14749
train_loss: 0.6718561840057373
SHAPE: (640, 640)
********
epoch: 129     time: 14864
train_loss: 0.6773457314372062
SHAPE: (640, 640)
********
epoch: 130     time: 14977
train_loss: 0.670893551826477
SHAPE: (640, 640)
********
epoch: 131     time: 15091
train_loss: 0.6740607345104217
SHAPE: (640, 640)
********
epoch: 132     time: 15205
train_loss: 0.6702757738232613
SHAPE: (640, 640)
********
epoch: 133     time: 15319
train_loss: 0.6747274037599563
SHAPE: (640, 640)
********
epoch: 134     time: 15434
train_loss: 0.6746713045835495
SHAPE: (640, 640)
********
epoch: 135     time: 15548
train_loss: 0.6711912769079208
SHAPE: (640, 640)
********
epoch: 136     time: 15663
train_loss: 0.6685523172020912
SHAPE: (640, 640)
********
epoch: 137     time: 15778
train_loss: 0.662754958152771
SHAPE: (640, 640)
********
epoch: 138     time: 15892
train_loss: 0.6650843923687935
SHAPE: (640, 640)
********
epoch: 139     time: 16005
train_loss: 0.6680082197785377
SHAPE: (640, 640)
********
epoch: 140     time: 16120
train_loss: 0.6684465588331222
SHAPE: (640, 640)
********
epoch: 141     time: 16235
train_loss: 0.6628503460288048
SHAPE: (640, 640)
update learning rate: 0.000004 -> 0.000001
********
epoch: 142     time: 16349
train_loss: 0.669648883163929
SHAPE: (640, 640)
update learning rate: 0.000001 -> 0.000000
********
epoch: 143     time: 16463
train_loss: 0.6685505774617195
SHAPE: (640, 640)
Finish!
