********
epoch: 1     time: 138
train_loss: 0.9575417782068253
SHAPE: (640, 640)
********
epoch: 2     time: 276
train_loss: 0.8370309418439865
SHAPE: (640, 640)
********
epoch: 3     time: 414
train_loss: 0.8006433679461479
SHAPE: (640, 640)
********
epoch: 4     time: 553
train_loss: 0.7876035600602627
SHAPE: (640, 640)
********
epoch: 5     time: 691
train_loss: 0.7731429116725922
SHAPE: (640, 640)
********
epoch: 6     time: 830
train_loss: 0.7647608384788036
SHAPE: (640, 640)
********
epoch: 7     time: 968
train_loss: 0.7559590734243393
SHAPE: (640, 640)
********
epoch: 8     time: 1147
train_loss: 0.7440904207229614
SHAPE: (640, 640)
********
epoch: 9     time: 1290
train_loss: 0.739789172053337
SHAPE: (640, 640)
********
epoch: 10     time: 1432
train_loss: 0.7349998292624951
SHAPE: (640, 640)
********
epoch: 11     time: 1574
train_loss: 0.7300379425287247
SHAPE: (640, 640)
********
epoch: 12     time: 1714
train_loss: 0.7216158849298954
SHAPE: (640, 640)
********
epoch: 13     time: 1854
train_loss: 0.717754189491272
SHAPE: (640, 640)
********
epoch: 14     time: 1994
train_loss: 0.7124063046872616
SHAPE: (640, 640)
********
epoch: 15     time: 2134
train_loss: 0.7141019107103348
SHAPE: (640, 640)
********
epoch: 16     time: 2274
train_loss: 0.7078862441182137
SHAPE: (640, 640)
********
epoch: 17     time: 2414
train_loss: 0.7014568250477314
SHAPE: (640, 640)
********
epoch: 18     time: 2553
train_loss: 0.7003985410034657
SHAPE: (640, 640)
********
epoch: 19     time: 2692
train_loss: 0.6964769140481949
SHAPE: (640, 640)
********
epoch: 20     time: 2830
train_loss: 0.6946124127805233
SHAPE: (640, 640)
********
epoch: 21     time: 2968
train_loss: 0.6949495467841625
SHAPE: (640, 640)
********
epoch: 22     time: 3106
train_loss: 0.6878736359477043
SHAPE: (640, 640)
********
epoch: 23     time: 3244
train_loss: 0.684480798393488
SHAPE: (640, 640)
********
epoch: 24     time: 3382
train_loss: 0.6810413348376751
SHAPE: (640, 640)
********
epoch: 25     time: 3520
train_loss: 0.679546577244997
SHAPE: (640, 640)
********
epoch: 26     time: 3659
train_loss: 0.6778190730810165
SHAPE: (640, 640)
********
epoch: 27     time: 3797
train_loss: 0.6709459852576256
SHAPE: (640, 640)
********
epoch: 28     time: 3936
train_loss: 0.6714208805859089
SHAPE: (640, 640)
********
epoch: 29     time: 4073
train_loss: 0.6711607181727887
SHAPE: (640, 640)
********
epoch: 30     time: 4212
train_loss: 0.6665745984315872
SHAPE: (640, 640)
********
epoch: 31     time: 4350
train_loss: 0.6611364464759827
SHAPE: (640, 640)
********
epoch: 32     time: 4488
train_loss: 0.6603104531764984
SHAPE: (640, 640)
********
epoch: 33     time: 4626
train_loss: 0.6568272411823273
SHAPE: (640, 640)
********
epoch: 34     time: 4764
train_loss: 0.6543173272311688
SHAPE: (640, 640)
********
epoch: 35     time: 4902
train_loss: 0.6527793926596641
SHAPE: (640, 640)
********
epoch: 36     time: 5041
train_loss: 0.6463486804664135
SHAPE: (640, 640)
********
epoch: 37     time: 5179
train_loss: 0.6511411526203156
SHAPE: (640, 640)
********
epoch: 38     time: 5317
train_loss: 0.6419902547895908
SHAPE: (640, 640)
********
epoch: 39     time: 5455
train_loss: 0.6432100885808468
SHAPE: (640, 640)
********
epoch: 40     time: 5593
train_loss: 0.6414549648761749
SHAPE: (640, 640)
********
epoch: 41     time: 5732
train_loss: 0.6366222937405109
SHAPE: (640, 640)
********
epoch: 42     time: 5870
train_loss: 0.6372847714424134
SHAPE: (640, 640)
********
epoch: 43     time: 6008
train_loss: 0.6345769925415516
SHAPE: (640, 640)
********
epoch: 44     time: 6146
train_loss: 0.6274515210092068
SHAPE: (640, 640)
********
epoch: 45     time: 6284
train_loss: 0.6261312942802906
SHAPE: (640, 640)
********
epoch: 46     time: 6423
train_loss: 0.6241020668447018
SHAPE: (640, 640)
********
epoch: 47     time: 6561
train_loss: 0.6207346131801605
SHAPE: (640, 640)
********
epoch: 48     time: 6699
train_loss: 0.6217833634018898
SHAPE: (640, 640)
********
epoch: 49     time: 6838
train_loss: 0.617831515699625
SHAPE: (640, 640)
********
epoch: 50     time: 6976
train_loss: 0.6150904647409916
SHAPE: (640, 640)
********
epoch: 51     time: 7114
train_loss: 0.6155676523447037
SHAPE: (640, 640)
********
epoch: 52     time: 7252
train_loss: 0.6080368969440461
SHAPE: (640, 640)
********
epoch: 53     time: 7391
train_loss: 0.6133077014386654
SHAPE: (640, 640)
********
epoch: 54     time: 7529
train_loss: 0.6141684427559376
SHAPE: (640, 640)
********
epoch: 55     time: 7667
train_loss: 0.6087896485328674
SHAPE: (640, 640)
********
epoch: 56     time: 7806
train_loss: 0.6008493673205376
SHAPE: (640, 640)
********
epoch: 57     time: 7944
train_loss: 0.6052274110615253
SHAPE: (640, 640)
********
epoch: 58     time: 8082
train_loss: 0.6002870544791221
SHAPE: (640, 640)
********
epoch: 59     time: 8220
train_loss: 0.5999704361110926
SHAPE: (640, 640)
********
epoch: 60     time: 8358
train_loss: 0.5974130581021309
SHAPE: (640, 640)
********
epoch: 61     time: 8497
train_loss: 0.5982333322763443
SHAPE: (640, 640)
********
epoch: 62     time: 8635
train_loss: 0.5858439568281174
SHAPE: (640, 640)
********
epoch: 63     time: 8773
train_loss: 0.5932067840993405
SHAPE: (640, 640)
********
epoch: 64     time: 8911
train_loss: 0.5886601735651493
SHAPE: (640, 640)
********
epoch: 65     time: 9049
train_loss: 0.5877231260240078
SHAPE: (640, 640)
********
epoch: 66     time: 9187
train_loss: 0.5867506135702133
SHAPE: (640, 640)
update learning rate: 0.000100 -> 0.000020
********
epoch: 67     time: 9326
train_loss: 0.5745174104571342
SHAPE: (640, 640)
********
epoch: 68     time: 9464
train_loss: 0.5622154603004456
SHAPE: (640, 640)
********
epoch: 69     time: 9602
train_loss: 0.5566981065869331
SHAPE: (640, 640)
********
epoch: 70     time: 9741
train_loss: 0.559499181330204
SHAPE: (640, 640)
********
epoch: 71     time: 9879
train_loss: 0.5513853767216206
SHAPE: (640, 640)
********
epoch: 72     time: 10017
train_loss: 0.5531678443253041
SHAPE: (640, 640)
********
epoch: 73     time: 10155
train_loss: 0.5548986345231534
SHAPE: (640, 640)
********
epoch: 74     time: 10294
train_loss: 0.5482232782542705
SHAPE: (640, 640)
********
epoch: 75     time: 10432
train_loss: 0.5511089663803578
SHAPE: (640, 640)
********
epoch: 76     time: 10570
train_loss: 0.5500609901547432
SHAPE: (640, 640)
********
epoch: 77     time: 10708
train_loss: 0.5464814886748791
SHAPE: (640, 640)
********
epoch: 78     time: 10847
train_loss: 0.5419151866734028
SHAPE: (640, 640)
********
epoch: 79     time: 10985
train_loss: 0.5401894073486329
SHAPE: (640, 640)
********
epoch: 80     time: 11123
train_loss: 0.54689887188375
SHAPE: (640, 640)
********
epoch: 81     time: 11261
train_loss: 0.5399178962409497
SHAPE: (640, 640)
********
epoch: 82     time: 11400
train_loss: 0.5414167690873146
SHAPE: (640, 640)
********
epoch: 83     time: 11538
train_loss: 0.5368871824741364
SHAPE: (640, 640)
********
epoch: 84     time: 11676
train_loss: 0.5385259077101946
SHAPE: (640, 640)
********
epoch: 85     time: 11814
train_loss: 0.5364738751351833
SHAPE: (640, 640)
********
epoch: 86     time: 11952
train_loss: 0.5369859143048525
SHAPE: (640, 640)
********
epoch: 87     time: 12091
train_loss: 0.5366442729234695
SHAPE: (640, 640)
********
epoch: 88     time: 12229
train_loss: 0.5373707467615605
SHAPE: (640, 640)
********
epoch: 89     time: 12367
train_loss: 0.5332677967250347
SHAPE: (640, 640)
********
epoch: 90     time: 12505
train_loss: 0.5370779892355204
SHAPE: (640, 640)
********
epoch: 91     time: 12643
train_loss: 0.5345109837800265
SHAPE: (640, 640)
********
epoch: 92     time: 12782
train_loss: 0.5308793648183345
SHAPE: (640, 640)
********
epoch: 93     time: 12920
train_loss: 0.528727866590023
SHAPE: (640, 640)
********
epoch: 94     time: 13058
train_loss: 0.526852932587266
SHAPE: (640, 640)
********
epoch: 95     time: 13196
train_loss: 0.5271357619017363
SHAPE: (640, 640)
********
epoch: 96     time: 13335
train_loss: 0.5304205833524466
SHAPE: (640, 640)
********
epoch: 97     time: 13473
train_loss: 0.5314146011918783
SHAPE: (640, 640)
********
epoch: 98     time: 13611
train_loss: 0.5282539830952883
SHAPE: (640, 640)
update learning rate: 0.000020 -> 0.000004
********
epoch: 99     time: 13749
train_loss: 0.5274661215096712
SHAPE: (640, 640)
update learning rate: 0.000004 -> 0.000001
********
epoch: 100     time: 13887
train_loss: 0.5254093311578035
SHAPE: (640, 640)
********
epoch: 101     time: 14026
train_loss: 0.5221830414235592
SHAPE: (640, 640)
********
epoch: 102     time: 14164
train_loss: 0.5221722298264504
SHAPE: (640, 640)
********
epoch: 103     time: 14302
train_loss: 0.5197378620505333
SHAPE: (640, 640)
********
epoch: 104     time: 14441
train_loss: 0.5243002067357302
SHAPE: (640, 640)
********
epoch: 105     time: 14579
train_loss: 0.5222787230759859
SHAPE: (640, 640)
********
epoch: 106     time: 14717
train_loss: 0.5241972319334746
SHAPE: (640, 640)
********
epoch: 107     time: 14855
train_loss: 0.5205792395025491
SHAPE: (640, 640)
update learning rate: 0.000001 -> 0.000000
********
epoch: 108     time: 14994
train_loss: 0.5234879438430071
SHAPE: (640, 640)
Finish!
