********
epoch: 1     time: 142
train_loss: 0.9282520609498024
SHAPE: (640, 640)
********
epoch: 2     time: 282
train_loss: 0.792917370736599
SHAPE: (640, 640)
********
epoch: 3     time: 422
train_loss: 0.7407579352855682
SHAPE: (640, 640)
********
epoch: 4     time: 563
train_loss: 0.7127592145800591
SHAPE: (640, 640)
********
epoch: 5     time: 703
train_loss: 0.6989747076928615
SHAPE: (640, 640)
********
epoch: 6     time: 885
train_loss: 0.6824178899526596
SHAPE: (640, 640)
********
epoch: 7     time: 1154
train_loss: 0.6715062583982945
SHAPE: (640, 640)
********
epoch: 8     time: 1420
train_loss: 0.6645629646778106
SHAPE: (640, 640)
********
epoch: 9     time: 1686
train_loss: 0.6519123150110244
SHAPE: (640, 640)
********
epoch: 10     time: 1957
train_loss: 0.6516691634356976
SHAPE: (640, 640)
********
epoch: 11     time: 2225
train_loss: 0.6456540021002293
SHAPE: (640, 640)
********
epoch: 12     time: 2491
train_loss: 0.6389069611132145
SHAPE: (640, 640)
********
epoch: 13     time: 2757
train_loss: 0.6316683419346809
SHAPE: (640, 640)
********
epoch: 14     time: 3021
train_loss: 0.626340208441019
SHAPE: (640, 640)
********
epoch: 15     time: 3287
train_loss: 0.6245519556701183
SHAPE: (640, 640)
********
epoch: 16     time: 3554
train_loss: 0.626245834261179
SHAPE: (640, 640)
********
epoch: 17     time: 3820
train_loss: 0.6207087638676166
SHAPE: (640, 640)
********
epoch: 18     time: 4086
train_loss: 0.6110028448700905
SHAPE: (640, 640)
********
epoch: 19     time: 4352
train_loss: 0.6079066042155027
SHAPE: (640, 640)
********
epoch: 20     time: 4506
train_loss: 0.6066829994320869
SHAPE: (640, 640)
********
epoch: 21     time: 4646
train_loss: 0.6072870063185691
SHAPE: (640, 640)
********
epoch: 22     time: 4786
train_loss: 0.6000843763947487
SHAPE: (640, 640)
********
epoch: 23     time: 4927
train_loss: 0.5970845003128051
SHAPE: (640, 640)
********
epoch: 24     time: 5067
train_loss: 0.5970209716260433
SHAPE: (640, 640)
********
epoch: 25     time: 5208
train_loss: 0.5961221659779549
SHAPE: (640, 640)
********
epoch: 26     time: 5348
train_loss: 0.5994502878785133
SHAPE: (640, 640)
********
epoch: 27     time: 5488
train_loss: 0.5892796131968498
SHAPE: (640, 640)
********
epoch: 28     time: 5629
train_loss: 0.5908213034570217
SHAPE: (640, 640)
********
epoch: 29     time: 5769
train_loss: 0.5845927842855454
SHAPE: (640, 640)
********
epoch: 30     time: 5910
train_loss: 0.5810703185647726
SHAPE: (640, 640)
********
epoch: 31     time: 6050
train_loss: 0.585600446626544
SHAPE: (640, 640)
********
epoch: 32     time: 6191
train_loss: 0.5803557863682508
SHAPE: (640, 640)
********
epoch: 33     time: 6331
train_loss: 0.5754875129461289
SHAPE: (640, 640)
********
epoch: 34     time: 6471
train_loss: 0.5803455839157105
SHAPE: (640, 640)
********
epoch: 35     time: 6612
train_loss: 0.5743531289249658
SHAPE: (640, 640)
********
epoch: 36     time: 6752
train_loss: 0.5741931900978089
SHAPE: (640, 640)
********
epoch: 37     time: 6893
train_loss: 0.5688124078810215
SHAPE: (640, 640)
********
epoch: 38     time: 7033
train_loss: 0.5711761748790741
SHAPE: (640, 640)
********
epoch: 39     time: 7173
train_loss: 0.5749255778491497
SHAPE: (640, 640)
********
epoch: 40     time: 7314
train_loss: 0.5683447272777558
SHAPE: (640, 640)
********
epoch: 41     time: 7454
train_loss: 0.5683499538004398
SHAPE: (640, 640)
********
epoch: 42     time: 7595
train_loss: 0.5654575546383858
SHAPE: (640, 640)
********
epoch: 43     time: 7736
train_loss: 0.5666901388764382
SHAPE: (640, 640)
********
epoch: 44     time: 7876
train_loss: 0.5618699369728565
SHAPE: (640, 640)
********
epoch: 45     time: 8017
train_loss: 0.5604615998268128
SHAPE: (640, 640)
********
epoch: 46     time: 8157
train_loss: 0.5602727212607861
SHAPE: (640, 640)
********
epoch: 47     time: 8298
train_loss: 0.5615414756536484
SHAPE: (640, 640)
********
epoch: 48     time: 8438
train_loss: 0.5519968327134848
SHAPE: (640, 640)
********
epoch: 49     time: 8578
train_loss: 0.5524487119317055
SHAPE: (640, 640)
********
epoch: 50     time: 8719
train_loss: 0.551086025774479
SHAPE: (640, 640)
********
epoch: 51     time: 8859
train_loss: 0.5564872000217438
SHAPE: (640, 640)
********
epoch: 52     time: 8999
train_loss: 0.5525126341432333
SHAPE: (640, 640)
********
epoch: 53     time: 9140
train_loss: 0.5504665984660387
SHAPE: (640, 640)
********
epoch: 54     time: 9280
train_loss: 0.5496881127953529
SHAPE: (640, 640)
********
epoch: 55     time: 9420
train_loss: 0.5505616667866707
SHAPE: (640, 640)
********
epoch: 56     time: 9561
train_loss: 0.5478040574938059
SHAPE: (640, 640)
********
epoch: 57     time: 9701
train_loss: 0.5501221261769533
SHAPE: (640, 640)
********
epoch: 58     time: 9841
train_loss: 0.5441462319344282
SHAPE: (640, 640)
********
epoch: 59     time: 9982
train_loss: 0.5436481500416994
SHAPE: (640, 640)
********
epoch: 60     time: 10122
train_loss: 0.5460712817311287
SHAPE: (640, 640)
********
epoch: 61     time: 10263
train_loss: 0.546810767263174
SHAPE: (640, 640)
********
epoch: 62     time: 10403
train_loss: 0.5434417759478092
SHAPE: (640, 640)
********
epoch: 63     time: 10543
train_loss: 0.5429650744199753
SHAPE: (640, 640)
********
epoch: 64     time: 10684
train_loss: 0.540139093324542
SHAPE: (640, 640)
********
epoch: 65     time: 10824
train_loss: 0.5437941955029965
SHAPE: (640, 640)
********
epoch: 66     time: 10965
train_loss: 0.5471292817145585
SHAPE: (640, 640)
********
epoch: 67     time: 11105
train_loss: 0.5394333863258362
SHAPE: (640, 640)
********
epoch: 68     time: 11246
train_loss: 0.537669269785285
SHAPE: (640, 640)
********
epoch: 69     time: 11386
train_loss: 0.5392401965558529
SHAPE: (640, 640)
********
epoch: 70     time: 11526
train_loss: 0.5303336267322302
SHAPE: (640, 640)
********
epoch: 71     time: 11666
train_loss: 0.5336222704648972
SHAPE: (640, 640)
********
epoch: 72     time: 11807
train_loss: 0.5322936926335097
SHAPE: (640, 640)
********
epoch: 73     time: 11947
train_loss: 0.5400876369029284
SHAPE: (640, 640)
********
epoch: 74     time: 12087
train_loss: 0.5304421906769275
SHAPE: (640, 640)
update learning rate: 0.000100 -> 0.000020
********
epoch: 75     time: 12227
train_loss: 0.5132972911596299
SHAPE: (640, 640)
********
epoch: 76     time: 12368
train_loss: 0.5075874006003142
SHAPE: (640, 640)
********
epoch: 77     time: 12508
train_loss: 0.5051252186000347
SHAPE: (640, 640)
********
epoch: 78     time: 12649
train_loss: 0.504323284521699
SHAPE: (640, 640)
********
epoch: 79     time: 12789
train_loss: 0.49737812221050265
SHAPE: (640, 640)
********
epoch: 80     time: 12929
train_loss: 0.5046210543066263
SHAPE: (640, 640)
********
epoch: 81     time: 13070
train_loss: 0.5043179739713669
SHAPE: (640, 640)
********
epoch: 82     time: 13210
train_loss: 0.5021608866155147
SHAPE: (640, 640)
********
epoch: 83     time: 13350
train_loss: 0.4980218151956797
SHAPE: (640, 640)
update learning rate: 0.000020 -> 0.000004
********
epoch: 84     time: 13491
train_loss: 0.5009444088637829
SHAPE: (640, 640)
update learning rate: 0.000004 -> 0.000001
********
epoch: 85     time: 13631
train_loss: 0.49851536306738853
SHAPE: (640, 640)
update learning rate: 0.000001 -> 0.000000
********
epoch: 86     time: 13771
train_loss: 0.505437963873148
SHAPE: (640, 640)
early stop at 86 epoch
Finish!
