********
epoch: 1     time: 126
train_loss: 1.001825570344925
SHAPE: (640, 640)
********
epoch: 2     time: 258
train_loss: 0.9190091010332108
SHAPE: (640, 640)
********
epoch: 3     time: 390
train_loss: 0.8496445651054383
SHAPE: (640, 640)
********
epoch: 4     time: 520
train_loss: 0.808235056757927
SHAPE: (640, 640)
********
epoch: 5     time: 649
train_loss: 0.7879584380984306
SHAPE: (640, 640)
********
epoch: 6     time: 780
train_loss: 0.772937706708908
SHAPE: (640, 640)
********
epoch: 7     time: 912
train_loss: 0.7624544815421105
SHAPE: (640, 640)
********
epoch: 8     time: 1043
train_loss: 0.7561614908576012
SHAPE: (640, 640)
********
epoch: 9     time: 1174
train_loss: 0.7455261172652244
SHAPE: (640, 640)
********
epoch: 10     time: 1306
train_loss: 0.7405139464139938
SHAPE: (640, 640)
********
epoch: 11     time: 1437
train_loss: 0.731505246758461
SHAPE: (640, 640)
********
epoch: 12     time: 1569
train_loss: 0.7240539103150367
SHAPE: (640, 640)
********
epoch: 13     time: 1700
train_loss: 0.7191794220209121
SHAPE: (640, 640)
********
epoch: 14     time: 1832
train_loss: 0.7176789657473565
SHAPE: (640, 640)
********
epoch: 15     time: 1964
train_loss: 0.7126531205177307
SHAPE: (640, 640)
********
epoch: 16     time: 2095
train_loss: 0.715232282102108
SHAPE: (640, 640)
********
epoch: 17     time: 2227
train_loss: 0.7032694232463836
SHAPE: (640, 640)
********
epoch: 18     time: 2358
train_loss: 0.7034220986366272
SHAPE: (640, 640)
********
epoch: 19     time: 2489
train_loss: 0.7005909935235978
SHAPE: (640, 640)
********
epoch: 20     time: 2620
train_loss: 0.6957636382579804
SHAPE: (640, 640)
********
epoch: 21     time: 2753
train_loss: 0.6920530724525452
SHAPE: (640, 640)
********
epoch: 22     time: 2884
train_loss: 0.6898579042553902
SHAPE: (640, 640)
********
epoch: 23     time: 3017
train_loss: 0.6965473411083222
SHAPE: (640, 640)
********
epoch: 24     time: 3148
train_loss: 0.6857535396218299
SHAPE: (640, 640)
********
epoch: 25     time: 3280
train_loss: 0.6863773961663246
SHAPE: (640, 640)
********
epoch: 26     time: 3412
train_loss: 0.6903195984959603
SHAPE: (640, 640)
********
epoch: 27     time: 3544
train_loss: 0.6890955730080605
SHAPE: (640, 640)
********
epoch: 28     time: 3676
train_loss: 0.6797205369472503
SHAPE: (640, 640)
********
epoch: 29     time: 3807
train_loss: 0.6790662039518356
SHAPE: (640, 640)
********
epoch: 30     time: 3939
train_loss: 0.6718819699287415
SHAPE: (640, 640)
********
epoch: 31     time: 4071
train_loss: 0.6762489295005798
SHAPE: (640, 640)
********
epoch: 32     time: 4203
train_loss: 0.6742920729517937
SHAPE: (640, 640)
********
epoch: 33     time: 4334
train_loss: 0.6753675756454468
SHAPE: (640, 640)
********
epoch: 34     time: 4466
train_loss: 0.6635815017819404
SHAPE: (640, 640)
********
epoch: 35     time: 4600
train_loss: 0.6669861905574799
SHAPE: (640, 640)
********
epoch: 36     time: 4733
train_loss: 0.6733908570408821
SHAPE: (640, 640)
********
epoch: 37     time: 4867
train_loss: 0.6629179766178132
SHAPE: (640, 640)
********
epoch: 38     time: 5000
train_loss: 0.6570435779094697
SHAPE: (640, 640)
********
epoch: 39     time: 5134
train_loss: 0.6601132811307907
SHAPE: (640, 640)
********
epoch: 40     time: 5267
train_loss: 0.6639166729450225
SHAPE: (640, 640)
********
epoch: 41     time: 5400
train_loss: 0.6557949965596199
SHAPE: (640, 640)
********
epoch: 42     time: 5534
train_loss: 0.6563889257311821
SHAPE: (640, 640)
********
epoch: 43     time: 5667
train_loss: 0.6541141730546951
SHAPE: (640, 640)
********
epoch: 44     time: 5801
train_loss: 0.6580813552737236
SHAPE: (640, 640)
********
epoch: 45     time: 5934
train_loss: 0.654604186117649
SHAPE: (640, 640)
********
epoch: 46     time: 6067
train_loss: 0.6466269710063934
SHAPE: (640, 640)
********
epoch: 47     time: 6200
train_loss: 0.6579630436897278
SHAPE: (640, 640)
********
epoch: 48     time: 6333
train_loss: 0.6481913723945618
SHAPE: (640, 640)
********
epoch: 49     time: 6467
train_loss: 0.6453664963841438
SHAPE: (640, 640)
********
epoch: 50     time: 6600
train_loss: 0.6453114452362061
SHAPE: (640, 640)
********
epoch: 51     time: 6734
train_loss: 0.6411161517500877
SHAPE: (640, 640)
********
epoch: 52     time: 6866
train_loss: 0.6451858575344086
SHAPE: (640, 640)
********
epoch: 53     time: 7000
train_loss: 0.6366445670723915
SHAPE: (640, 640)
********
epoch: 54     time: 7133
train_loss: 0.6411416754722595
SHAPE: (640, 640)
********
epoch: 55     time: 7266
train_loss: 0.6402351239919662
SHAPE: (640, 640)
********
epoch: 56     time: 7399
train_loss: 0.635327131330967
SHAPE: (640, 640)
********
epoch: 57     time: 7533
train_loss: 0.6418421155810357
SHAPE: (640, 640)
********
epoch: 58     time: 7667
train_loss: 0.6373767074942589
SHAPE: (640, 640)
********
epoch: 59     time: 7800
train_loss: 0.6316218710541726
SHAPE: (640, 640)
********
epoch: 60     time: 7934
train_loss: 0.6349547953009606
SHAPE: (640, 640)
********
epoch: 61     time: 8067
train_loss: 0.6340617258548736
SHAPE: (640, 640)
********
epoch: 62     time: 8201
train_loss: 0.6328706477284431
SHAPE: (640, 640)
********
epoch: 63     time: 8334
train_loss: 0.6309708275198936
SHAPE: (640, 640)
********
epoch: 64     time: 8468
train_loss: 0.6301522296667099
SHAPE: (640, 640)
********
epoch: 65     time: 8602
train_loss: 0.6264722900986671
SHAPE: (640, 640)
********
epoch: 66     time: 8734
train_loss: 0.6300208097100258
SHAPE: (640, 640)
********
epoch: 67     time: 8867
train_loss: 0.6243463449478149
SHAPE: (640, 640)
********
epoch: 68     time: 9000
train_loss: 0.6271434661746025
SHAPE: (640, 640)
********
epoch: 69     time: 9132
train_loss: 0.6161991082429886
SHAPE: (640, 640)
********
epoch: 70     time: 9265
train_loss: 0.6193578360080719
SHAPE: (640, 640)
********
epoch: 71     time: 9399
train_loss: 0.6207944384217262
SHAPE: (640, 640)
********
epoch: 72     time: 9532
train_loss: 0.6168817102313041
SHAPE: (640, 640)
********
epoch: 73     time: 9665
train_loss: 0.6153576335906983
SHAPE: (640, 640)
********
epoch: 74     time: 9798
train_loss: 0.6189712045192719
SHAPE: (640, 640)
********
epoch: 75     time: 9932
train_loss: 0.6123671303391457
SHAPE: (640, 640)
********
epoch: 76     time: 10065
train_loss: 0.6178796857595443
SHAPE: (640, 640)
********
epoch: 77     time: 10198
train_loss: 0.6152005145549774
SHAPE: (640, 640)
********
epoch: 78     time: 10332
train_loss: 0.6146880705952644
SHAPE: (640, 640)
********
epoch: 79     time: 10465
train_loss: 0.6114767997860908
SHAPE: (640, 640)
********
epoch: 80     time: 10598
train_loss: 0.611309803545475
SHAPE: (640, 640)
********
epoch: 81     time: 10731
train_loss: 0.6117149610519409
SHAPE: (640, 640)
********
epoch: 82     time: 10865
train_loss: 0.6062508705258369
SHAPE: (640, 640)
********
epoch: 83     time: 10998
train_loss: 0.6154680380225181
SHAPE: (640, 640)
********
epoch: 84     time: 11132
train_loss: 0.6092902753353119
SHAPE: (640, 640)
********
epoch: 85     time: 11265
train_loss: 0.611694887816906
SHAPE: (640, 640)
********
epoch: 86     time: 11399
train_loss: 0.6113658358752727
SHAPE: (640, 640)
update learning rate: 0.000100 -> 0.000020
********
epoch: 87     time: 11533
train_loss: 0.5924765439629555
SHAPE: (640, 640)
********
epoch: 88     time: 11666
train_loss: 0.5842951551675797
SHAPE: (640, 640)
********
epoch: 89     time: 11800
train_loss: 0.5847961527109146
SHAPE: (640, 640)
********
epoch: 90     time: 11934
train_loss: 0.5835997567176819
SHAPE: (640, 640)
********
epoch: 91     time: 12067
train_loss: 0.5814314451217651
SHAPE: (640, 640)
********
epoch: 92     time: 12201
train_loss: 0.5742826721966267
SHAPE: (640, 640)
********
epoch: 93     time: 12334
train_loss: 0.5758304858803749
SHAPE: (640, 640)
********
epoch: 94     time: 12467
train_loss: 0.5769541206955909
SHAPE: (640, 640)
********
epoch: 95     time: 12600
train_loss: 0.5718827778100968
SHAPE: (640, 640)
********
epoch: 96     time: 12734
train_loss: 0.5758878901600838
SHAPE: (640, 640)
********
epoch: 97     time: 12867
train_loss: 0.5776261414885521
SHAPE: (640, 640)
********
epoch: 98     time: 13000
train_loss: 0.5661947364509106
SHAPE: (640, 640)
********
epoch: 99     time: 13133
train_loss: 0.5688117942810058
SHAPE: (640, 640)
********
epoch: 100     time: 13266
train_loss: 0.5673685492575169
SHAPE: (640, 640)
********
epoch: 101     time: 13397
train_loss: 0.5692178965210914
SHAPE: (640, 640)
********
epoch: 102     time: 13528
train_loss: 0.5659280098974705
SHAPE: (640, 640)
********
epoch: 103     time: 13661
train_loss: 0.5635313518345356
SHAPE: (640, 640)
********
epoch: 104     time: 13794
train_loss: 0.5742804368138313
SHAPE: (640, 640)
********
epoch: 105     time: 13926
train_loss: 0.5718838389515877
SHAPE: (640, 640)
********
epoch: 106     time: 14060
train_loss: 0.5697971051335334
SHAPE: (640, 640)
********
epoch: 107     time: 14192
train_loss: 0.5646794679760933
SHAPE: (640, 640)
update learning rate: 0.000020 -> 0.000004
********
epoch: 108     time: 14327
train_loss: 0.5596134651899338
SHAPE: (640, 640)
********
epoch: 109     time: 14464
train_loss: 0.5645045940876007
SHAPE: (640, 640)
********
epoch: 110     time: 14594
train_loss: 0.5654050856232643
SHAPE: (640, 640)
********
epoch: 111     time: 14725
train_loss: 0.5640615010261536
SHAPE: (640, 640)
********
epoch: 112     time: 14856
train_loss: 0.5669407047629357
SHAPE: (640, 640)
update learning rate: 0.000004 -> 0.000001
********
epoch: 113     time: 14986
train_loss: 0.5576923652291298
SHAPE: (640, 640)
********
epoch: 114     time: 15118
train_loss: 0.5628293361663819
SHAPE: (640, 640)
********
epoch: 115     time: 15249
train_loss: 0.5631089300513268
SHAPE: (640, 640)
********
epoch: 116     time: 15380
train_loss: 0.5675776862502098
SHAPE: (640, 640)
********
epoch: 117     time: 15511
train_loss: 0.566155490398407
SHAPE: (640, 640)
update learning rate: 0.000001 -> 0.000000
********
epoch: 118     time: 15642
train_loss: 0.5698493050932885
SHAPE: (640, 640)
Finish!
