********
epoch: 1     time: 126
train_loss: 0.9742461034059524
SHAPE: (640, 640)
********
epoch: 2     time: 257
train_loss: 0.8623150724172592
SHAPE: (640, 640)
********
epoch: 3     time: 387
train_loss: 0.8047832850217819
SHAPE: (640, 640)
********
epoch: 4     time: 515
train_loss: 0.773230089187622
SHAPE: (640, 640)
********
epoch: 5     time: 646
train_loss: 0.7508699846863747
SHAPE: (640, 640)
********
epoch: 6     time: 777
train_loss: 0.7363129488229752
SHAPE: (640, 640)
********
epoch: 7     time: 908
train_loss: 0.7268262609243393
SHAPE: (640, 640)
********
epoch: 8     time: 1039
train_loss: 0.712522412121296
SHAPE: (640, 640)
********
epoch: 9     time: 1171
train_loss: 0.7026863827705383
SHAPE: (640, 640)
********
epoch: 10     time: 1302
train_loss: 0.697844382405281
SHAPE: (640, 640)
********
epoch: 11     time: 1433
train_loss: 0.6948611508607865
SHAPE: (640, 640)
********
epoch: 12     time: 1564
train_loss: 0.6854509315490722
SHAPE: (640, 640)
********
epoch: 13     time: 1695
train_loss: 0.6850416433811187
SHAPE: (640, 640)
********
epoch: 14     time: 1825
train_loss: 0.6797822433710098
SHAPE: (640, 640)
********
epoch: 15     time: 1957
train_loss: 0.672995890557766
SHAPE: (640, 640)
********
epoch: 16     time: 2089
train_loss: 0.66533717918396
SHAPE: (640, 640)
********
epoch: 17     time: 2219
train_loss: 0.667425669491291
SHAPE: (640, 640)
********
epoch: 18     time: 2350
train_loss: 0.6626357461810112
SHAPE: (640, 640)
********
epoch: 19     time: 2481
train_loss: 0.658964582145214
SHAPE: (640, 640)
********
epoch: 20     time: 2612
train_loss: 0.6634624813795089
SHAPE: (640, 640)
********
epoch: 21     time: 2743
train_loss: 0.6635711435675621
SHAPE: (640, 640)
********
epoch: 22     time: 2874
train_loss: 0.652757861673832
SHAPE: (640, 640)
********
epoch: 23     time: 3005
train_loss: 0.6484671269059181
SHAPE: (640, 640)
********
epoch: 24     time: 3137
train_loss: 0.6453135052919388
SHAPE: (640, 640)
********
epoch: 25     time: 3267
train_loss: 0.6400406398773193
SHAPE: (640, 640)
********
epoch: 26     time: 3399
train_loss: 0.6399817759394646
SHAPE: (640, 640)
********
epoch: 27     time: 3530
train_loss: 0.6405343287587166
SHAPE: (640, 640)
********
epoch: 28     time: 3661
train_loss: 0.6297534049749375
SHAPE: (640, 640)
********
epoch: 29     time: 3791
train_loss: 0.6324080972671509
SHAPE: (640, 640)
********
epoch: 30     time: 3923
train_loss: 0.6350765463113784
SHAPE: (640, 640)
********
epoch: 31     time: 4053
train_loss: 0.6228402826786041
SHAPE: (640, 640)
********
epoch: 32     time: 4184
train_loss: 0.6265357848405838
SHAPE: (640, 640)
********
epoch: 33     time: 4315
train_loss: 0.6352415276765824
SHAPE: (640, 640)
********
epoch: 34     time: 4446
train_loss: 0.6192896188497543
SHAPE: (640, 640)
********
epoch: 35     time: 4576
train_loss: 0.6245288801789284
SHAPE: (640, 640)
********
epoch: 36     time: 4707
train_loss: 0.6184027286171914
SHAPE: (640, 640)
********
epoch: 37     time: 4838
train_loss: 0.6191197944879532
SHAPE: (640, 640)
********
epoch: 38     time: 4969
train_loss: 0.6209920610785484
SHAPE: (640, 640)
********
epoch: 39     time: 5100
train_loss: 0.6050839619636535
SHAPE: (640, 640)
********
epoch: 40     time: 5231
train_loss: 0.6112851909399033
SHAPE: (640, 640)
********
epoch: 41     time: 5363
train_loss: 0.6098227395415307
SHAPE: (640, 640)
********
epoch: 42     time: 5493
train_loss: 0.6092020473480224
SHAPE: (640, 640)
********
epoch: 43     time: 5624
train_loss: 0.6094122025966644
SHAPE: (640, 640)
update learning rate: 0.000100 -> 0.000020
********
epoch: 44     time: 5755
train_loss: 0.5932755135893821
SHAPE: (640, 640)
********
epoch: 45     time: 5887
train_loss: 0.5788314260244369
SHAPE: (640, 640)
********
epoch: 46     time: 6017
train_loss: 0.5803176206350327
SHAPE: (640, 640)
********
epoch: 47     time: 6148
train_loss: 0.5758580548167229
SHAPE: (640, 640)
********
epoch: 48     time: 6280
train_loss: 0.5756007764339447
SHAPE: (640, 640)
********
epoch: 49     time: 6411
train_loss: 0.5767602197527886
SHAPE: (640, 640)
********
epoch: 50     time: 6541
train_loss: 0.5751438360214234
SHAPE: (640, 640)
********
epoch: 51     time: 6673
train_loss: 0.5732446531355381
SHAPE: (640, 640)
********
epoch: 52     time: 6804
train_loss: 0.5726837019920349
SHAPE: (640, 640)
********
epoch: 53     time: 6935
train_loss: 0.5682005470991135
SHAPE: (640, 640)
********
epoch: 54     time: 7064
train_loss: 0.5712612651586533
SHAPE: (640, 640)
********
epoch: 55     time: 7194
train_loss: 0.5708209213614464
SHAPE: (640, 640)
********
epoch: 56     time: 7325
train_loss: 0.5661214378774166
SHAPE: (640, 640)
********
epoch: 57     time: 7456
train_loss: 0.5632652366757392
SHAPE: (640, 640)
********
epoch: 58     time: 7587
train_loss: 0.563161392390728
SHAPE: (640, 640)
********
epoch: 59     time: 7718
train_loss: 0.5671770360767842
SHAPE: (640, 640)
********
epoch: 60     time: 7850
train_loss: 0.5628716275691986
SHAPE: (640, 640)
********
epoch: 61     time: 7981
train_loss: 0.5627927783429623
SHAPE: (640, 640)
********
epoch: 62     time: 8111
train_loss: 0.559941899895668
SHAPE: (640, 640)
********
epoch: 63     time: 8242
train_loss: 0.5644560767114163
SHAPE: (640, 640)
********
epoch: 64     time: 8373
train_loss: 0.5627036632299424
SHAPE: (640, 640)
********
epoch: 65     time: 8503
train_loss: 0.5725982863306999
SHAPE: (640, 640)
********
epoch: 66     time: 8634
train_loss: 0.5631021984219551
SHAPE: (640, 640)
update learning rate: 0.000020 -> 0.000004
********
epoch: 67     time: 8765
train_loss: 0.5538842215538025
SHAPE: (640, 640)
********
epoch: 68     time: 8896
train_loss: 0.5579752437472344
SHAPE: (640, 640)
********
epoch: 69     time: 9027
train_loss: 0.5552096499204635
SHAPE: (640, 640)
********
epoch: 70     time: 9157
train_loss: 0.556626111626625
SHAPE: (640, 640)
********
epoch: 71     time: 9288
train_loss: 0.5579694301486016
SHAPE: (640, 640)
update learning rate: 0.000004 -> 0.000001
********
epoch: 72     time: 9418
train_loss: 0.5564902793765069
SHAPE: (640, 640)
update learning rate: 0.000001 -> 0.000000
********
epoch: 73     time: 9549
train_loss: 0.5582985433638096
SHAPE: (640, 640)
Finish!
